{"/home/travis/build/npmtest/node-npmtest-nightwatch-html-reporter/test.js":{"path":"/home/travis/build/npmtest/node-npmtest-nightwatch-html-reporter/test.js","s":{"1":2,"2":2,"3":2,"4":2,"5":2,"6":2,"7":2,"8":1,"9":2,"10":2,"11":1,"12":1,"13":1,"14":1,"15":2,"16":2,"17":2,"18":2,"19":1,"20":1,"21":2,"22":2,"23":2,"24":1,"25":1,"26":1,"27":1,"28":1,"29":1,"30":1,"31":1,"32":1,"33":1,"34":1,"35":1,"36":1,"37":1,"38":1,"39":2,"40":2,"41":1,"42":2,"43":2,"44":1,"45":2,"46":2,"47":1,"48":2,"49":2,"50":1,"51":1,"52":1,"53":1,"54":1},"b":{"1":[2,1,1,1],"2":[1,1,1,1],"3":[1,1],"4":[1,1],"5":[1,1],"6":[1,1],"7":[1,1],"8":[1,1],"9":[1,1],"10":[1,1,1],"11":[1,1],"12":[1,1],"13":[1,1],"14":[1,1],"15":[1,1],"16":[1,1],"17":[1,1]},"f":{"1":2,"2":2,"3":2,"4":2,"5":2,"6":1,"7":1,"8":1,"9":2,"10":2,"11":2,"12":2,"13":1},"fnMap":{"1":{"name":"(anonymous_1)","line":12,"loc":{"start":{"line":12,"column":1},"end":{"line":12,"column":13}}},"2":{"name":"(anonymous_2)","line":19,"loc":{"start":{"line":19,"column":5},"end":{"line":19,"column":17}}},"3":{"name":"(anonymous_3)","line":23,"loc":{"start":{"line":23,"column":24},"end":{"line":23,"column":36}}},"4":{"name":"(anonymous_4)","line":61,"loc":{"start":{"line":61,"column":5},"end":{"line":61,"column":17}}},"5":{"name":"(anonymous_5)","line":82,"loc":{"start":{"line":82,"column":5},"end":{"line":82,"column":17}}},"6":{"name":"(anonymous_6)","line":91,"loc":{"start":{"line":91,"column":77},"end":{"line":94,"column":10}}},"7":{"name":"(anonymous_7)","line":112,"loc":{"start":{"line":112,"column":83},"end":{"line":115,"column":10}},"skip":true},"8":{"name":"(anonymous_8)","line":123,"loc":{"start":{"line":123,"column":77},"end":{"line":126,"column":10}},"skip":true},"9":{"name":"(anonymous_9)","line":139,"loc":{"start":{"line":139,"column":12},"end":{"line":139,"column":40}},"skip":true},"10":{"name":"(anonymous_10)","line":147,"loc":{"start":{"line":147,"column":77},"end":{"line":150,"column":10}},"skip":true},"11":{"name":"(anonymous_11)","line":158,"loc":{"start":{"line":158,"column":83},"end":{"line":161,"column":10}},"skip":true},"12":{"name":"(anonymous_12)","line":169,"loc":{"start":{"line":169,"column":79},"end":{"line":172,"column":10}},"skip":true},"13":{"name":"(anonymous_13)","line":180,"loc":{"start":{"line":180,"column":75},"end":{"line":183,"column":10}},"skip":true}},"statementMap":{"1":{"start":{"line":12,"column":0},"end":{"line":195,"column":5}},"2":{"start":{"line":14,"column":4},"end":{"line":14,"column":14}},"3":{"start":{"line":19,"column":4},"end":{"line":56,"column":9}},"4":{"start":{"line":21,"column":8},"end":{"line":21,"column":19}},"5":{"start":{"line":23,"column":8},"end":{"line":35,"column":13}},"6":{"start":{"line":24,"column":12},"end":{"line":34,"column":13}},"7":{"start":{"line":25,"column":16},"end":{"line":28,"column":30}},"8":{"start":{"line":30,"column":16},"end":{"line":33,"column":27}},"9":{"start":{"line":37,"column":8},"end":{"line":39,"column":21}},"10":{"start":{"line":40,"column":8},"end":{"line":53,"column":9}},"11":{"start":{"line":43,"column":12},"end":{"line":46,"column":14}},"12":{"start":{"line":47,"column":12},"end":{"line":47,"column":18}},"13":{"start":{"line":50,"column":12},"end":{"line":51,"column":33}},"14":{"start":{"line":52,"column":12},"end":{"line":52,"column":18}},"15":{"start":{"line":55,"column":8},"end":{"line":55,"column":35}},"16":{"start":{"line":61,"column":4},"end":{"line":63,"column":9}},"17":{"start":{"line":62,"column":8},"end":{"line":62,"column":15}},"18":{"start":{"line":64,"column":4},"end":{"line":77,"column":5}},"19":{"start":{"line":70,"column":8},"end":{"line":70,"column":14}},"20":{"start":{"line":76,"column":8},"end":{"line":76,"column":14}},"21":{"start":{"line":82,"column":4},"end":{"line":84,"column":9}},"22":{"start":{"line":83,"column":8},"end":{"line":83,"column":15}},"23":{"start":{"line":85,"column":4},"end":{"line":194,"column":5}},"24":{"start":{"line":91,"column":8},"end":{"line":99,"column":10}},"25":{"start":{"line":98,"column":12},"end":{"line":98,"column":35}},"26":{"start":{"line":102,"column":8},"end":{"line":104,"column":63}},"27":{"start":{"line":105,"column":8},"end":{"line":105,"column":14}},"28":{"start":{"line":112,"column":8},"end":{"line":121,"column":10},"skip":true},"29":{"start":{"line":119,"column":12},"end":{"line":119,"column":55},"skip":true},"30":{"start":{"line":120,"column":12},"end":{"line":120,"column":48},"skip":true},"31":{"start":{"line":123,"column":8},"end":{"line":136,"column":10},"skip":true},"32":{"start":{"line":130,"column":12},"end":{"line":130,"column":76},"skip":true},"33":{"start":{"line":131,"column":12},"end":{"line":131,"column":73},"skip":true},"34":{"start":{"line":132,"column":12},"end":{"line":132,"column":74},"skip":true},"35":{"start":{"line":133,"column":12},"end":{"line":133,"column":79},"skip":true},"36":{"start":{"line":134,"column":12},"end":{"line":134,"column":25},"skip":true},"37":{"start":{"line":135,"column":12},"end":{"line":135,"column":45},"skip":true},"38":{"start":{"line":138,"column":8},"end":{"line":145,"column":14},"skip":true},"39":{"start":{"line":143,"column":16},"end":{"line":143,"column":29},"skip":true},"40":{"start":{"line":144,"column":16},"end":{"line":144,"column":55},"skip":true},"41":{"start":{"line":147,"column":8},"end":{"line":156,"column":10},"skip":true},"42":{"start":{"line":154,"column":12},"end":{"line":154,"column":25},"skip":true},"43":{"start":{"line":155,"column":12},"end":{"line":155,"column":45},"skip":true},"44":{"start":{"line":158,"column":8},"end":{"line":167,"column":10},"skip":true},"45":{"start":{"line":165,"column":12},"end":{"line":165,"column":25},"skip":true},"46":{"start":{"line":166,"column":12},"end":{"line":166,"column":48},"skip":true},"47":{"start":{"line":169,"column":8},"end":{"line":178,"column":10},"skip":true},"48":{"start":{"line":176,"column":12},"end":{"line":176,"column":25},"skip":true},"49":{"start":{"line":177,"column":12},"end":{"line":177,"column":46},"skip":true},"50":{"start":{"line":180,"column":8},"end":{"line":189,"column":10},"skip":true},"51":{"start":{"line":187,"column":12},"end":{"line":187,"column":94},"skip":true},"52":{"start":{"line":188,"column":12},"end":{"line":188,"column":48},"skip":true},"53":{"start":{"line":192,"column":8},"end":{"line":192,"column":35},"skip":true},"54":{"start":{"line":193,"column":8},"end":{"line":193,"column":14},"skip":true}},"branchMap":{"1":{"line":25,"type":"binary-expr","locations":[{"start":{"line":25,"column":23},"end":{"line":25,"column":62}},{"start":{"line":26,"column":20},"end":{"line":26,"column":70}},{"start":{"line":27,"column":20},"end":{"line":27,"column":71}},{"start":{"line":28,"column":20},"end":{"line":28,"column":29}}]},"2":{"line":30,"type":"binary-expr","locations":[{"start":{"line":30,"column":23},"end":{"line":30,"column":37}},{"start":{"line":31,"column":20},"end":{"line":31,"column":61}},{"start":{"line":32,"column":20},"end":{"line":32,"column":70}},{"start":{"line":33,"column":20},"end":{"line":33,"column":26}}]},"3":{"line":37,"type":"cond-expr","locations":[{"start":{"line":38,"column":14},"end":{"line":38,"column":20}},{"start":{"line":39,"column":14},"end":{"line":39,"column":20}}]},"4":{"line":40,"type":"switch","locations":[{"start":{"line":42,"column":8},"end":{"line":47,"column":18}},{"start":{"line":49,"column":8},"end":{"line":52,"column":18}}]},"5":{"line":44,"type":"binary-expr","locations":[{"start":{"line":44,"column":16},"end":{"line":44,"column":44}},{"start":{"line":44,"column":48},"end":{"line":44,"column":66}}]},"6":{"line":50,"type":"binary-expr","locations":[{"start":{"line":50,"column":21},"end":{"line":50,"column":49}},{"start":{"line":50,"column":53},"end":{"line":50,"column":72}}]},"7":{"line":64,"type":"switch","locations":[{"start":{"line":69,"column":4},"end":{"line":70,"column":14}},{"start":{"line":75,"column":4},"end":{"line":76,"column":14}}]},"8":{"line":85,"type":"switch","locations":[{"start":{"line":90,"column":4},"end":{"line":105,"column":14}},{"start":{"line":111,"column":4},"end":{"line":193,"column":14},"skip":true}]},"9":{"line":91,"type":"binary-expr","locations":[{"start":{"line":91,"column":42},"end":{"line":91,"column":73}},{"start":{"line":91,"column":77},"end":{"line":99,"column":9}}]},"10":{"line":102,"type":"binary-expr","locations":[{"start":{"line":102,"column":18},"end":{"line":102,"column":32}},{"start":{"line":103,"column":12},"end":{"line":103,"column":53}},{"start":{"line":104,"column":12},"end":{"line":104,"column":61}}]},"11":{"line":112,"type":"binary-expr","locations":[{"start":{"line":112,"column":45},"end":{"line":112,"column":79},"skip":true},{"start":{"line":112,"column":83},"end":{"line":121,"column":9},"skip":true}]},"12":{"line":123,"type":"binary-expr","locations":[{"start":{"line":123,"column":42},"end":{"line":123,"column":73},"skip":true},{"start":{"line":123,"column":77},"end":{"line":136,"column":9},"skip":true}]},"13":{"line":138,"type":"binary-expr","locations":[{"start":{"line":138,"column":48},"end":{"line":138,"column":85},"skip":true},{"start":{"line":139,"column":12},"end":{"line":145,"column":13},"skip":true}]},"14":{"line":147,"type":"binary-expr","locations":[{"start":{"line":147,"column":42},"end":{"line":147,"column":73},"skip":true},{"start":{"line":147,"column":77},"end":{"line":156,"column":9},"skip":true}]},"15":{"line":158,"type":"binary-expr","locations":[{"start":{"line":158,"column":45},"end":{"line":158,"column":79},"skip":true},{"start":{"line":158,"column":83},"end":{"line":167,"column":9},"skip":true}]},"16":{"line":169,"type":"binary-expr","locations":[{"start":{"line":169,"column":43},"end":{"line":169,"column":75},"skip":true},{"start":{"line":169,"column":79},"end":{"line":178,"column":9},"skip":true}]},"17":{"line":180,"type":"binary-expr","locations":[{"start":{"line":180,"column":41},"end":{"line":180,"column":71},"skip":true},{"start":{"line":180,"column":75},"end":{"line":189,"column":9},"skip":true}]}},"code":["/* istanbul instrument in package npmtest_nightwatch_html_reporter */","/*jslint","    bitwise: true,","    browser: true,","    maxerr: 8,","    maxlen: 96,","    node: true,","    nomen: true,","    regexp: true,","    stupid: true","*/","(function () {","    'use strict';","    var local;","","","","    // run shared js-env code - pre-init","    (function () {","        // init local","        local = {};","        // init modeJs","        local.modeJs = (function () {","            try {","                return typeof navigator.userAgent === 'string' &&","                    typeof document.querySelector('body') === 'object' &&","                    typeof XMLHttpRequest.prototype.open === 'function' &&","                    'browser';","            } catch (errorCaughtBrowser) {","                return module.exports &&","                    typeof process.versions.node === 'string' &&","                    typeof require('http').createServer === 'function' &&","                    'node';","            }","        }());","        // init global","        local.global = local.modeJs === 'browser'","            ? window","            : global;","        switch (local.modeJs) {","        // re-init local from window.local","        case 'browser':","            local = local.global.utility2.objectSetDefault(","                local.global.utility2_rollup || local.global.local,","                local.global.utility2","            );","            break;","        // re-init local from example.js","        case 'node':","            local = (local.global.utility2_rollup || require('utility2'))","                .requireReadme();","            break;","        }","        // export local","        local.global.local = local;","    }());","","","","    // run shared js-env code - function","    (function () {","        return;","    }());","    switch (local.modeJs) {","","","","    // run browser js-env code - function","    case 'browser':","        break;","","","","    // run node js-env code - function","    case 'node':","        break;","    }","","","","    // run shared js-env code - post-init","    (function () {","        return;","    }());","    switch (local.modeJs) {","","","","    // run browser js-env code - post-init","    case 'browser':","        local.testCase_browser_nullCase = local.testCase_browser_nullCase || function (","            options,","            onError","        ) {","        /*","         * this function will test browsers's null-case handling-behavior-behavior","         */","            onError(null, options);","        };","","        // run tests","        local.nop(local.modeTest &&","            document.querySelector('#testRunButton1') &&","            document.querySelector('#testRunButton1').click());","        break;","","","","    // run node js-env code - post-init","    /* istanbul ignore next */","    case 'node':","        local.testCase_buildApidoc_default = local.testCase_buildApidoc_default || function (","            options,","            onError","        ) {","        /*","         * this function will test buildApidoc's default handling-behavior-behavior","         */","            options = { modulePathList: module.paths };","            local.buildApidoc(options, onError);","        };","","        local.testCase_buildApp_default = local.testCase_buildApp_default || function (","            options,","            onError","        ) {","        /*","         * this function will test buildApp's default handling-behavior-behavior","         */","            local.testCase_buildReadme_default(options, local.onErrorThrow);","            local.testCase_buildLib_default(options, local.onErrorThrow);","            local.testCase_buildTest_default(options, local.onErrorThrow);","            local.testCase_buildCustomOrg_default(options, local.onErrorThrow);","            options = [];","            local.buildApp(options, onError);","        };","","        local.testCase_buildCustomOrg_default = local.testCase_buildCustomOrg_default ||","            function (options, onError) {","            /*","             * this function will test buildCustomOrg's default handling-behavior","             */","                options = {};","                local.buildCustomOrg(options, onError);","            };","","        local.testCase_buildLib_default = local.testCase_buildLib_default || function (","            options,","            onError","        ) {","        /*","         * this function will test buildLib's default handling-behavior","         */","            options = {};","            local.buildLib(options, onError);","        };","","        local.testCase_buildReadme_default = local.testCase_buildReadme_default || function (","            options,","            onError","        ) {","        /*","         * this function will test buildReadme's default handling-behavior-behavior","         */","            options = {};","            local.buildReadme(options, onError);","        };","","        local.testCase_buildTest_default = local.testCase_buildTest_default || function (","            options,","            onError","        ) {","        /*","         * this function will test buildTest's default handling-behavior","         */","            options = {};","            local.buildTest(options, onError);","        };","","        local.testCase_webpage_default = local.testCase_webpage_default || function (","            options,","            onError","        ) {","        /*","         * this function will test webpage's default handling-behavior","         */","            options = { modeCoverageMerge: true, url: local.serverLocalHost + '?modeTest=1' };","            local.browserTest(options, onError);","        };","","        // run test-server","        local.testRunServer(local);","        break;","    }","}());",""],"l":{"12":2,"14":2,"19":2,"21":2,"23":2,"24":2,"25":2,"30":1,"37":2,"40":2,"43":1,"47":1,"50":1,"52":1,"55":2,"61":2,"62":2,"64":2,"70":1,"76":1,"82":2,"83":2,"85":2,"91":1,"98":1,"102":1,"105":1,"112":1,"119":1,"120":1,"123":1,"130":1,"131":1,"132":1,"133":1,"134":1,"135":1,"138":1,"143":2,"144":2,"147":1,"154":2,"155":2,"158":1,"165":2,"166":2,"169":1,"176":2,"177":2,"180":1,"187":1,"188":1,"192":1,"193":1}},"/home/travis/build/npmtest/node-npmtest-nightwatch-html-reporter/lib.npmtest_nightwatch_html_reporter.js":{"path":"/home/travis/build/npmtest/node-npmtest-nightwatch-html-reporter/lib.npmtest_nightwatch_html_reporter.js","s":{"1":2,"2":2,"3":2,"4":2,"5":2,"6":2,"7":2,"8":1,"9":2,"10":2,"11":2,"12":2,"13":1,"14":1,"15":1,"16":1},"b":{"1":[2,1,1,1],"2":[1,1,1,1],"3":[1,1],"4":[2,2],"5":[1,1]},"f":{"1":2,"2":2,"3":2},"fnMap":{"1":{"name":"(anonymous_1)","line":12,"loc":{"start":{"line":12,"column":1},"end":{"line":12,"column":13}}},"2":{"name":"(anonymous_2)","line":19,"loc":{"start":{"line":19,"column":5},"end":{"line":19,"column":17}}},"3":{"name":"(anonymous_3)","line":23,"loc":{"start":{"line":23,"column":24},"end":{"line":23,"column":36}}}},"statementMap":{"1":{"start":{"line":12,"column":0},"end":{"line":53,"column":5}},"2":{"start":{"line":14,"column":4},"end":{"line":14,"column":14}},"3":{"start":{"line":19,"column":4},"end":{"line":52,"column":9}},"4":{"start":{"line":21,"column":8},"end":{"line":21,"column":19}},"5":{"start":{"line":23,"column":8},"end":{"line":35,"column":13}},"6":{"start":{"line":24,"column":12},"end":{"line":34,"column":13}},"7":{"start":{"line":25,"column":16},"end":{"line":28,"column":30}},"8":{"start":{"line":30,"column":16},"end":{"line":33,"column":27}},"9":{"start":{"line":37,"column":8},"end":{"line":39,"column":21}},"10":{"start":{"line":41,"column":8},"end":{"line":41,"column":54}},"11":{"start":{"line":43,"column":8},"end":{"line":43,"column":69}},"12":{"start":{"line":45,"column":8},"end":{"line":51,"column":9}},"13":{"start":{"line":46,"column":12},"end":{"line":46,"column":75}},"14":{"start":{"line":48,"column":12},"end":{"line":48,"column":35}},"15":{"start":{"line":49,"column":12},"end":{"line":49,"column":49}},"16":{"start":{"line":50,"column":12},"end":{"line":50,"column":43}}},"branchMap":{"1":{"line":25,"type":"binary-expr","locations":[{"start":{"line":25,"column":23},"end":{"line":25,"column":62}},{"start":{"line":26,"column":20},"end":{"line":26,"column":70}},{"start":{"line":27,"column":20},"end":{"line":27,"column":71}},{"start":{"line":28,"column":20},"end":{"line":28,"column":29}}]},"2":{"line":30,"type":"binary-expr","locations":[{"start":{"line":30,"column":23},"end":{"line":30,"column":37}},{"start":{"line":31,"column":20},"end":{"line":31,"column":61}},{"start":{"line":32,"column":20},"end":{"line":32,"column":70}},{"start":{"line":33,"column":20},"end":{"line":33,"column":26}}]},"3":{"line":37,"type":"cond-expr","locations":[{"start":{"line":38,"column":14},"end":{"line":38,"column":20}},{"start":{"line":39,"column":14},"end":{"line":39,"column":20}}]},"4":{"line":41,"type":"binary-expr","locations":[{"start":{"line":41,"column":16},"end":{"line":41,"column":44}},{"start":{"line":41,"column":48},"end":{"line":41,"column":53}}]},"5":{"line":45,"type":"if","locations":[{"start":{"line":45,"column":8},"end":{"line":45,"column":8}},{"start":{"line":45,"column":8},"end":{"line":45,"column":8}}]}},"code":["/* istanbul instrument in package npmtest_nightwatch_html_reporter */","/*jslint","    bitwise: true,","    browser: true,","    maxerr: 8,","    maxlen: 96,","    node: true,","    nomen: true,","    regexp: true,","    stupid: true","*/","(function () {","    'use strict';","    var local;","","","","    // run shared js-env code - pre-init","    (function () {","        // init local","        local = {};","        // init modeJs","        local.modeJs = (function () {","            try {","                return typeof navigator.userAgent === 'string' &&","                    typeof document.querySelector('body') === 'object' &&","                    typeof XMLHttpRequest.prototype.open === 'function' &&","                    'browser';","            } catch (errorCaughtBrowser) {","                return module.exports &&","                    typeof process.versions.node === 'string' &&","                    typeof require('http').createServer === 'function' &&","                    'node';","            }","        }());","        // init global","        local.global = local.modeJs === 'browser'","            ? window","            : global;","        // init utility2_rollup","        local = local.global.utility2_rollup || local;","        // init lib","        local.local = local.npmtest_nightwatch_html_reporter = local;","        // init exports","        if (local.modeJs === 'browser') {","            local.global.utility2_npmtest_nightwatch_html_reporter = local;","        } else {","            module.exports = local;","            module.exports.__dirname = __dirname;","            module.exports.module = module;","        }","    }());","}());",""],"l":{"12":2,"14":2,"19":2,"21":2,"23":2,"24":2,"25":2,"30":1,"37":2,"41":2,"43":2,"45":2,"46":1,"48":1,"49":1,"50":1}},"/home/travis/build/npmtest/node-npmtest-nightwatch-html-reporter/example.js":{"path":"/home/travis/build/npmtest/node-npmtest-nightwatch-html-reporter/example.js","s":{"1":2,"2":2,"3":2,"4":2,"5":2,"6":2,"7":2,"8":1,"9":2,"10":2,"11":2,"12":2,"13":1,"14":2,"15":2,"16":2,"17":2,"18":2,"19":0,"20":2,"21":1,"22":1,"23":1,"24":1,"25":1,"26":0,"27":0,"28":1,"29":1,"30":2,"31":0,"32":0,"33":0,"34":1,"35":2,"36":2,"37":3,"38":3,"39":3,"40":3,"41":0,"42":3,"43":3,"44":3,"45":1,"46":3,"47":1,"48":1,"49":1,"50":1,"51":1,"52":1,"53":1,"54":1,"55":1,"56":1,"57":0,"58":1,"59":6,"60":6,"61":1,"62":2,"63":0,"64":2,"65":1,"66":1,"67":0,"68":0,"69":0,"70":0,"71":0,"72":0,"73":0,"74":0,"75":0,"76":0,"77":0,"78":0,"79":0,"80":0,"81":0,"82":0,"83":0},"b":{"1":[2,1,1,1],"2":[1,1,1,1],"3":[1,1],"4":[2,2],"5":[1,1],"6":[1,1],"7":[2,0],"8":[2,1,1,1,1,1],"9":[0,2,0],"10":[1,1],"11":[2,1,1],"12":[1,0],"13":[0,2],"14":[2,0,0,0,0,0,0],"15":[0,3],"16":[3,0],"17":[1,1],"18":[0,1],"19":[1,2,0,2],"20":[1,0],"21":[1,1],"22":[0,0],"23":[0,0],"24":[0,0],"25":[0,0],"26":[0,0],"27":[0,0],"28":[0,0]},"f":{"1":2,"2":2,"3":2,"4":2,"5":2,"6":2,"7":3,"8":3,"9":3,"10":1,"11":6,"12":0},"fnMap":{"1":{"name":"(anonymous_1)","line":26,"loc":{"start":{"line":26,"column":1},"end":{"line":26,"column":13}}},"2":{"name":"(anonymous_2)","line":33,"loc":{"start":{"line":33,"column":5},"end":{"line":33,"column":17}}},"3":{"name":"(anonymous_3)","line":37,"loc":{"start":{"line":37,"column":24},"end":{"line":37,"column":36}}},"4":{"name":"(anonymous_4)","line":69,"loc":{"start":{"line":69,"column":31},"end":{"line":69,"column":48}},"skip":true},"5":{"name":"(anonymous_5)","line":78,"loc":{"start":{"line":78,"column":26},"end":{"line":78,"column":45}},"skip":true},"6":{"name":"(anonymous_6)","line":123,"loc":{"start":{"line":123,"column":33},"end":{"line":123,"column":48}},"skip":true},"7":{"name":"(anonymous_7)","line":125,"loc":{"start":{"line":125,"column":27},"end":{"line":125,"column":39}},"skip":true},"8":{"name":"(anonymous_8)","line":133,"loc":{"start":{"line":133,"column":59},"end":{"line":133,"column":74}},"skip":true},"9":{"name":"(anonymous_9)","line":143,"loc":{"start":{"line":143,"column":45},"end":{"line":143,"column":62}},"skip":true},"10":{"name":"(anonymous_10)","line":144,"loc":{"start":{"line":144,"column":73},"end":{"line":144,"column":92}},"skip":true},"11":{"name":"(anonymous_11)","line":272,"loc":{"start":{"line":272,"column":51},"end":{"line":272,"column":77}},"skip":true},"12":{"name":"(anonymous_12)","line":315,"loc":{"start":{"line":315,"column":32},"end":{"line":315,"column":61}},"skip":true}},"statementMap":{"1":{"start":{"line":26,"column":0},"end":{"line":326,"column":5}},"2":{"start":{"line":28,"column":4},"end":{"line":28,"column":14}},"3":{"start":{"line":33,"column":4},"end":{"line":60,"column":9}},"4":{"start":{"line":35,"column":8},"end":{"line":35,"column":19}},"5":{"start":{"line":37,"column":8},"end":{"line":49,"column":13}},"6":{"start":{"line":38,"column":12},"end":{"line":48,"column":13}},"7":{"start":{"line":39,"column":16},"end":{"line":42,"column":30}},"8":{"start":{"line":44,"column":16},"end":{"line":47,"column":27}},"9":{"start":{"line":51,"column":8},"end":{"line":53,"column":21}},"10":{"start":{"line":55,"column":8},"end":{"line":57,"column":45}},"11":{"start":{"line":59,"column":8},"end":{"line":59,"column":35}},"12":{"start":{"line":61,"column":4},"end":{"line":325,"column":5}},"13":{"start":{"line":69,"column":8},"end":{"line":121,"column":10},"skip":true},"14":{"start":{"line":70,"column":12},"end":{"line":88,"column":13},"skip":true},"15":{"start":{"line":76,"column":16},"end":{"line":87,"column":19},"skip":true},"16":{"start":{"line":79,"column":20},"end":{"line":86,"column":21},"skip":true},"17":{"start":{"line":82,"column":24},"end":{"line":82,"column":43},"skip":true},"18":{"start":{"line":83,"column":24},"end":{"line":83,"column":30},"skip":true},"19":{"start":{"line":85,"column":24},"end":{"line":85,"column":49},"skip":true},"20":{"start":{"line":89,"column":12},"end":{"line":107,"column":13},"skip":true},"21":{"start":{"line":92,"column":16},"end":{"line":102,"column":17},"skip":true},"22":{"start":{"line":93,"column":20},"end":{"line":93,"column":86},"skip":true},"23":{"start":{"line":94,"column":20},"end":{"line":95,"column":45},"skip":true},"24":{"start":{"line":96,"column":20},"end":{"line":96,"column":42},"skip":true},"25":{"start":{"line":97,"column":20},"end":{"line":97,"column":48},"skip":true},"26":{"start":{"line":100,"column":20},"end":{"line":100,"column":85},"skip":true},"27":{"start":{"line":101,"column":20},"end":{"line":101,"column":96},"skip":true},"28":{"start":{"line":103,"column":16},"end":{"line":103,"column":22},"skip":true},"29":{"start":{"line":106,"column":16},"end":{"line":106,"column":22},"skip":true},"30":{"start":{"line":108,"column":12},"end":{"line":120,"column":13},"skip":true},"31":{"start":{"line":114,"column":16},"end":{"line":119,"column":17},"skip":true},"32":{"start":{"line":116,"column":20},"end":{"line":116,"column":78},"skip":true},"33":{"start":{"line":118,"column":20},"end":{"line":118,"column":47},"skip":true},"34":{"start":{"line":123,"column":8},"end":{"line":141,"column":11},"skip":true},"35":{"start":{"line":124,"column":12},"end":{"line":124,"column":54},"skip":true},"36":{"start":{"line":125,"column":12},"end":{"line":140,"column":14},"skip":true},"37":{"start":{"line":126,"column":16},"end":{"line":126,"column":28},"skip":true},"38":{"start":{"line":127,"column":16},"end":{"line":127,"column":69},"skip":true},"39":{"start":{"line":128,"column":16},"end":{"line":128,"column":75},"skip":true},"40":{"start":{"line":129,"column":16},"end":{"line":131,"column":17},"skip":true},"41":{"start":{"line":130,"column":20},"end":{"line":130,"column":27},"skip":true},"42":{"start":{"line":133,"column":16},"end":{"line":137,"column":36},"skip":true},"43":{"start":{"line":134,"column":20},"end":{"line":136,"column":55},"skip":true},"44":{"start":{"line":139,"column":16},"end":{"line":139,"column":57},"skip":true},"45":{"start":{"line":143,"column":8},"end":{"line":147,"column":11},"skip":true},"46":{"start":{"line":144,"column":12},"end":{"line":146,"column":15},"skip":true},"47":{"start":{"line":145,"column":16},"end":{"line":145,"column":70},"skip":true},"48":{"start":{"line":149,"column":8},"end":{"line":149,"column":31},"skip":true},"49":{"start":{"line":150,"column":8},"end":{"line":150,"column":14},"skip":true},"50":{"start":{"line":158,"column":8},"end":{"line":158,"column":31},"skip":true},"51":{"start":{"line":160,"column":8},"end":{"line":160,"column":33},"skip":true},"52":{"start":{"line":161,"column":8},"end":{"line":161,"column":37},"skip":true},"53":{"start":{"line":162,"column":8},"end":{"line":162,"column":35},"skip":true},"54":{"start":{"line":164,"column":8},"end":{"line":164,"column":50},"skip":true},"55":{"start":{"line":166,"column":8},"end":{"line":256,"column":2},"skip":true},"56":{"start":{"line":258,"column":8},"end":{"line":286,"column":9},"skip":true},"57":{"start":{"line":259,"column":12},"end":{"line":269,"column":14},"skip":true},"58":{"start":{"line":271,"column":12},"end":{"line":285,"column":19},"skip":true},"59":{"start":{"line":274,"column":20},"end":{"line":274,"column":35},"skip":true},"60":{"start":{"line":275,"column":20},"end":{"line":284,"column":21},"skip":true},"61":{"start":{"line":277,"column":24},"end":{"line":277,"column":64},"skip":true},"62":{"start":{"line":279,"column":24},"end":{"line":279,"column":40},"skip":true},"63":{"start":{"line":281,"column":24},"end":{"line":281,"column":40},"skip":true},"64":{"start":{"line":283,"column":24},"end":{"line":283,"column":39},"skip":true},"65":{"start":{"line":288,"column":8},"end":{"line":290,"column":9},"skip":true},"66":{"start":{"line":289,"column":12},"end":{"line":289,"column":18},"skip":true},"67":{"start":{"line":291,"column":8},"end":{"line":293,"column":54},"skip":true},"68":{"start":{"line":296,"column":8},"end":{"line":301,"column":37},"skip":true},"69":{"start":{"line":303,"column":8},"end":{"line":303,"column":82},"skip":true},"70":{"start":{"line":306,"column":8},"end":{"line":308,"column":9},"skip":true},"71":{"start":{"line":307,"column":12},"end":{"line":307,"column":82},"skip":true},"72":{"start":{"line":310,"column":8},"end":{"line":312,"column":9},"skip":true},"73":{"start":{"line":311,"column":12},"end":{"line":311,"column":18},"skip":true},"74":{"start":{"line":313,"column":8},"end":{"line":313,"column":54},"skip":true},"75":{"start":{"line":314,"column":8},"end":{"line":314,"column":69},"skip":true},"76":{"start":{"line":315,"column":8},"end":{"line":323,"column":36},"skip":true},"77":{"start":{"line":316,"column":12},"end":{"line":316,"column":61},"skip":true},"78":{"start":{"line":317,"column":12},"end":{"line":320,"column":13},"skip":true},"79":{"start":{"line":318,"column":16},"end":{"line":318,"column":75},"skip":true},"80":{"start":{"line":319,"column":16},"end":{"line":319,"column":23},"skip":true},"81":{"start":{"line":321,"column":12},"end":{"line":321,"column":38},"skip":true},"82":{"start":{"line":322,"column":12},"end":{"line":322,"column":27},"skip":true},"83":{"start":{"line":324,"column":8},"end":{"line":324,"column":14},"skip":true}},"branchMap":{"1":{"line":39,"type":"binary-expr","locations":[{"start":{"line":39,"column":23},"end":{"line":39,"column":62}},{"start":{"line":40,"column":20},"end":{"line":40,"column":70}},{"start":{"line":41,"column":20},"end":{"line":41,"column":71}},{"start":{"line":42,"column":20},"end":{"line":42,"column":29}}]},"2":{"line":44,"type":"binary-expr","locations":[{"start":{"line":44,"column":23},"end":{"line":44,"column":37}},{"start":{"line":45,"column":20},"end":{"line":45,"column":61}},{"start":{"line":46,"column":20},"end":{"line":46,"column":70}},{"start":{"line":47,"column":20},"end":{"line":47,"column":26}}]},"3":{"line":51,"type":"cond-expr","locations":[{"start":{"line":52,"column":14},"end":{"line":52,"column":20}},{"start":{"line":53,"column":14},"end":{"line":53,"column":20}}]},"4":{"line":55,"type":"binary-expr","locations":[{"start":{"line":55,"column":16},"end":{"line":55,"column":44}},{"start":{"line":55,"column":49},"end":{"line":57,"column":43}}]},"5":{"line":55,"type":"cond-expr","locations":[{"start":{"line":56,"column":14},"end":{"line":56,"column":68}},{"start":{"line":57,"column":14},"end":{"line":57,"column":43}}]},"6":{"line":61,"type":"switch","locations":[{"start":{"line":68,"column":4},"end":{"line":150,"column":14},"skip":true},{"start":{"line":156,"column":4},"end":{"line":324,"column":14},"skip":true}]},"7":{"line":70,"type":"if","locations":[{"start":{"line":70,"column":12},"end":{"line":70,"column":12},"skip":true},{"start":{"line":70,"column":12},"end":{"line":70,"column":12},"skip":true}]},"8":{"line":70,"type":"binary-expr","locations":[{"start":{"line":70,"column":16},"end":{"line":70,"column":22},"skip":true},{"start":{"line":70,"column":27},"end":{"line":70,"column":32},"skip":true},{"start":{"line":71,"column":20},"end":{"line":71,"column":39},"skip":true},{"start":{"line":72,"column":20},"end":{"line":72,"column":49},"skip":true},{"start":{"line":73,"column":20},"end":{"line":73,"column":58},"skip":true},{"start":{"line":74,"column":20},"end":{"line":74,"column":69},"skip":true}]},"9":{"line":79,"type":"switch","locations":[{"start":{"line":80,"column":20},"end":{"line":80,"column":33},"skip":true},{"start":{"line":81,"column":20},"end":{"line":83,"column":30},"skip":true},{"start":{"line":84,"column":20},"end":{"line":85,"column":49},"skip":true}]},"10":{"line":89,"type":"switch","locations":[{"start":{"line":90,"column":12},"end":{"line":103,"column":22},"skip":true},{"start":{"line":105,"column":12},"end":{"line":106,"column":22},"skip":true}]},"11":{"line":89,"type":"binary-expr","locations":[{"start":{"line":89,"column":20},"end":{"line":89,"column":25},"skip":true},{"start":{"line":89,"column":29},"end":{"line":89,"column":48},"skip":true},{"start":{"line":89,"column":52},"end":{"line":89,"column":74},"skip":true}]},"12":{"line":92,"type":"if","locations":[{"start":{"line":92,"column":16},"end":{"line":92,"column":16},"skip":true},{"start":{"line":92,"column":16},"end":{"line":92,"column":16},"skip":true}]},"13":{"line":108,"type":"if","locations":[{"start":{"line":108,"column":12},"end":{"line":108,"column":12},"skip":true},{"start":{"line":108,"column":12},"end":{"line":108,"column":12},"skip":true}]},"14":{"line":108,"type":"binary-expr","locations":[{"start":{"line":108,"column":16},"end":{"line":108,"column":61},"skip":true},{"start":{"line":108,"column":66},"end":{"line":108,"column":72},"skip":true},{"start":{"line":108,"column":77},"end":{"line":108,"column":82},"skip":true},{"start":{"line":109,"column":20},"end":{"line":109,"column":39},"skip":true},{"start":{"line":110,"column":20},"end":{"line":110,"column":49},"skip":true},{"start":{"line":111,"column":20},"end":{"line":111,"column":58},"skip":true},{"start":{"line":112,"column":20},"end":{"line":112,"column":68},"skip":true}]},"15":{"line":129,"type":"if","locations":[{"start":{"line":129,"column":16},"end":{"line":129,"column":16},"skip":true},{"start":{"line":129,"column":16},"end":{"line":129,"column":16},"skip":true}]},"16":{"line":134,"type":"cond-expr","locations":[{"start":{"line":135,"column":26},"end":{"line":135,"column":29},"skip":true},{"start":{"line":136,"column":26},"end":{"line":136,"column":54},"skip":true}]},"17":{"line":164,"type":"binary-expr","locations":[{"start":{"line":164,"column":27},"end":{"line":164,"column":43},"skip":true},{"start":{"line":164,"column":47},"end":{"line":164,"column":49},"skip":true}]},"18":{"line":258,"type":"if","locations":[{"start":{"line":258,"column":8},"end":{"line":258,"column":8},"skip":true},{"start":{"line":258,"column":8},"end":{"line":258,"column":8},"skip":true}]},"19":{"line":275,"type":"switch","locations":[{"start":{"line":276,"column":20},"end":{"line":277,"column":64},"skip":true},{"start":{"line":278,"column":20},"end":{"line":279,"column":40},"skip":true},{"start":{"line":280,"column":20},"end":{"line":281,"column":40},"skip":true},{"start":{"line":282,"column":20},"end":{"line":283,"column":39},"skip":true}]},"20":{"line":288,"type":"if","locations":[{"start":{"line":288,"column":8},"end":{"line":288,"column":8},"skip":true},{"start":{"line":288,"column":8},"end":{"line":288,"column":8},"skip":true}]},"21":{"line":288,"type":"binary-expr","locations":[{"start":{"line":288,"column":12},"end":{"line":288,"column":40},"skip":true},{"start":{"line":288,"column":44},"end":{"line":288,"column":67},"skip":true}]},"22":{"line":292,"type":"binary-expr","locations":[{"start":{"line":292,"column":12},"end":{"line":292,"column":50},"skip":true},{"start":{"line":293,"column":12},"end":{"line":293,"column":53},"skip":true}]},"23":{"line":297,"type":"binary-expr","locations":[{"start":{"line":297,"column":12},"end":{"line":297,"column":82},"skip":true},{"start":{"line":298,"column":12},"end":{"line":301,"column":36},"skip":true}]},"24":{"line":303,"type":"binary-expr","locations":[{"start":{"line":303,"column":43},"end":{"line":303,"column":75},"skip":true},{"start":{"line":303,"column":79},"end":{"line":303,"column":81},"skip":true}]},"25":{"line":306,"type":"if","locations":[{"start":{"line":306,"column":8},"end":{"line":306,"column":8},"skip":true},{"start":{"line":306,"column":8},"end":{"line":306,"column":8},"skip":true}]},"26":{"line":310,"type":"if","locations":[{"start":{"line":310,"column":8},"end":{"line":310,"column":8},"skip":true},{"start":{"line":310,"column":8},"end":{"line":310,"column":8},"skip":true}]},"27":{"line":313,"type":"binary-expr","locations":[{"start":{"line":313,"column":27},"end":{"line":313,"column":43},"skip":true},{"start":{"line":313,"column":47},"end":{"line":313,"column":53},"skip":true}]},"28":{"line":317,"type":"if","locations":[{"start":{"line":317,"column":12},"end":{"line":317,"column":12},"skip":true},{"start":{"line":317,"column":12},"end":{"line":317,"column":12},"skip":true}]}},"code":["/*","example.js","","quickstart example","","instruction","    1. save this script as example.js","    2. run the shell command:","        $ npm install npmtest-nightwatch-html-reporter && PORT=8081 node example.js","    3. play with the browser-demo on http://127.0.0.1:8081","*/","","","","/* istanbul instrument in package npmtest_nightwatch_html_reporter */","/*jslint","    bitwise: true,","    browser: true,","    maxerr: 8,","    maxlen: 96,","    node: true,","    nomen: true,","    regexp: true,","    stupid: true","*/","(function () {","    'use strict';","    var local;","","","","    // run shared js-env code - pre-init","    (function () {","        // init local","        local = {};","        // init modeJs","        local.modeJs = (function () {","            try {","                return typeof navigator.userAgent === 'string' &&","                    typeof document.querySelector('body') === 'object' &&","                    typeof XMLHttpRequest.prototype.open === 'function' &&","                    'browser';","            } catch (errorCaughtBrowser) {","                return module.exports &&","                    typeof process.versions.node === 'string' &&","                    typeof require('http').createServer === 'function' &&","                    'node';","            }","        }());","        // init global","        local.global = local.modeJs === 'browser'","            ? window","            : global;","        // init utility2_rollup","        local = local.global.utility2_rollup || (local.modeJs === 'browser'","            ? local.global.utility2_npmtest_nightwatch_html_reporter","            : global.utility2_moduleExports);","        // export local","        local.global.local = local;","    }());","    switch (local.modeJs) {","","","","    // post-init","    // run browser js-env code - post-init","    /* istanbul ignore next */","    case 'browser':","        local.testRunBrowser = function (event) {","            if (!event || (event &&","                    event.currentTarget &&","                    event.currentTarget.className &&","                    event.currentTarget.className.includes &&","                    event.currentTarget.className.includes('onreset'))) {","                // reset output","                Array.from(","                    document.querySelectorAll('body > .resettable')","                ).forEach(function (element) {","                    switch (element.tagName) {","                    case 'INPUT':","                    case 'TEXTAREA':","                        element.value = '';","                        break;","                    default:","                        element.textContent = '';","                    }","                });","            }","            switch (event && event.currentTarget && event.currentTarget.id) {","            case 'testRunButton1':","                // show tests","                if (document.querySelector('#testReportDiv1').style.display === 'none') {","                    document.querySelector('#testReportDiv1').style.display = 'block';","                    document.querySelector('#testRunButton1').textContent =","                        'hide internal test';","                    local.modeTest = true;","                    local.testRunDefault(local);","                // hide tests","                } else {","                    document.querySelector('#testReportDiv1').style.display = 'none';","                    document.querySelector('#testRunButton1').textContent = 'run internal test';","                }","                break;","            // custom-case","            default:","                break;","            }","            if (document.querySelector('#inputTextareaEval1') && (!event || (event &&","                    event.currentTarget &&","                    event.currentTarget.className &&","                    event.currentTarget.className.includes &&","                    event.currentTarget.className.includes('oneval')))) {","                // try to eval input-code","                try {","                    /*jslint evil: true*/","                    eval(document.querySelector('#inputTextareaEval1').value);","                } catch (errorCaught) {","                    console.error(errorCaught);","                }","            }","        };","        // log stderr and stdout to #outputTextareaStdout1","        ['error', 'log'].forEach(function (key) {","            console[key + '_original'] = console[key];","            console[key] = function () {","                var element;","                console[key + '_original'].apply(console, arguments);","                element = document.querySelector('#outputTextareaStdout1');","                if (!element) {","                    return;","                }","                // append text to #outputTextareaStdout1","                element.value += Array.from(arguments).map(function (arg) {","                    return typeof arg === 'string'","                        ? arg","                        : JSON.stringify(arg, null, 4);","                }).join(' ') + '\\n';","                // scroll textarea to bottom","                element.scrollTop = element.scrollHeight;","            };","        });","        // init event-handling","        ['change', 'click', 'keyup'].forEach(function (event) {","            Array.from(document.querySelectorAll('.on' + event)).forEach(function (element) {","                element.addEventListener(event, local.testRunBrowser);","            });","        });","        // run tests","        local.testRunBrowser();","        break;","","","","    // run node js-env code - post-init","    /* istanbul ignore next */","    case 'node':","        // export local","        module.exports = local;","        // require modules","        local.fs = require('fs');","        local.http = require('http');","        local.url = require('url');","        // init assets","        local.assetsDict = local.assetsDict || {};","        /* jslint-ignore-begin */","        local.assetsDict['/assets.index.template.html'] = '\\","<!doctype html>\\n\\","<html lang=\"en\">\\n\\","<head>\\n\\","<meta charset=\"UTF-8\">\\n\\","<meta name=\"viewport\" content=\"width=device-width, initial-scale=1\">\\n\\","<title>{{env.npm_package_name}} (v{{env.npm_package_version}})</title>\\n\\","<style>\\n\\","/*csslint\\n\\","    box-sizing: false,\\n\\","    universal-selector: false\\n\\","*/\\n\\","* {\\n\\","    box-sizing: border-box;\\n\\","}\\n\\","body {\\n\\","    background: #dde;\\n\\","    font-family: Arial, Helvetica, sans-serif;\\n\\","    margin: 2rem;\\n\\","}\\n\\","body > * {\\n\\","    margin-bottom: 1rem;\\n\\","}\\n\\",".utility2FooterDiv {\\n\\","    margin-top: 20px;\\n\\","    text-align: center;\\n\\","}\\n\\","</style>\\n\\","<style>\\n\\","/*csslint\\n\\","*/\\n\\","textarea {\\n\\","    font-family: monospace;\\n\\","    height: 10rem;\\n\\","    width: 100%;\\n\\","}\\n\\","textarea[readonly] {\\n\\","    background: #ddd;\\n\\","}\\n\\","</style>\\n\\","</head>\\n\\","<body>\\n\\","<!-- utility2-comment\\n\\","<div id=\"ajaxProgressDiv1\" style=\"background: #d00; height: 2px; left: 0; margin: 0; padding: 0; position: fixed; top: 0; transition: background 0.5s, width 1.5s; width: 25%;\"></div>\\n\\","utility2-comment -->\\n\\","<h1>\\n\\","<!-- utility2-comment\\n\\","    <a\\n\\","        {{#if env.npm_package_homepage}}\\n\\","        href=\"{{env.npm_package_homepage}}\"\\n\\","        {{/if env.npm_package_homepage}}\\n\\","        target=\"_blank\"\\n\\","    >\\n\\","utility2-comment -->\\n\\","        {{env.npm_package_name}} (v{{env.npm_package_version}})\\n\\","<!-- utility2-comment\\n\\","    </a>\\n\\","utility2-comment -->\\n\\","</h1>\\n\\","<h3>{{env.npm_package_description}}</h3>\\n\\","<!-- utility2-comment\\n\\","<h4><a download href=\"assets.app.js\">download standalone app</a></h4>\\n\\","<button class=\"onclick onreset\" id=\"testRunButton1\">run internal test</button><br>\\n\\","<div id=\"testReportDiv1\" style=\"display: none;\"></div>\\n\\","utility2-comment -->\\n\\","\\n\\","\\n\\","\\n\\","<label>stderr and stdout</label>\\n\\","<textarea class=\"resettable\" id=\"outputTextareaStdout1\" readonly></textarea>\\n\\","<!-- utility2-comment\\n\\","{{#if isRollup}}\\n\\","<script src=\"assets.app.js\"></script>\\n\\","{{#unless isRollup}}\\n\\","utility2-comment -->\\n\\","<script src=\"assets.utility2.rollup.js\"></script>\\n\\","<script src=\"jsonp.utility2._stateInit?callback=window.utility2._stateInit\"></script>\\n\\","<script src=\"assets.npmtest_nightwatch_html_reporter.rollup.js\"></script>\\n\\","<script src=\"assets.example.js\"></script>\\n\\","<script src=\"assets.test.js\"></script>\\n\\","<!-- utility2-comment\\n\\","{{/if isRollup}}\\n\\","utility2-comment -->\\n\\","<div class=\"utility2FooterDiv\">\\n\\","    [ this app was created with\\n\\","    <a href=\"https://github.com/kaizhu256/node-utility2\" target=\"_blank\">utility2</a>\\n\\","    ]\\n\\","</div>\\n\\","</body>\\n\\","</html>\\n\\","';","        /* jslint-ignore-end */","        if (local.templateRender) {","            local.assetsDict['/'] = local.templateRender(","                local.assetsDict['/assets.index.template.html'],","                {","                    env: local.objectSetDefault(local.env, {","                        npm_package_description: 'the greatest app in the world!',","                        npm_package_name: 'my-app',","                        npm_package_nameAlias: 'my_app',","                        npm_package_version: '0.0.1'","                    })","                }","            );","        } else {","            local.assetsDict['/'] = local.assetsDict['/assets.index.template.html']","                .replace((/\\{\\{env\\.(\\w+?)\\}\\}/g), function (match0, match1) {","                    // jslint-hack","                    String(match0);","                    switch (match1) {","                    case 'npm_package_description':","                        return 'the greatest app in the world!';","                    case 'npm_package_name':","                        return 'my-app';","                    case 'npm_package_nameAlias':","                        return 'my_app';","                    case 'npm_package_version':","                        return '0.0.1';","                    }","                });","        }","        // run the cli","        if (local.global.utility2_rollup || module !== require.main) {","            break;","        }","        local.assetsDict['/assets.example.js'] =","            local.assetsDict['/assets.example.js'] ||","            local.fs.readFileSync(__filename, 'utf8');","        // bug-workaround - long $npm_package_buildCustomOrg","        /* jslint-ignore-begin */","        local.assetsDict['/assets.npmtest_nightwatch_html_reporter.rollup.js'] =","            local.assetsDict['/assets.npmtest_nightwatch_html_reporter.rollup.js'] ||","            local.fs.readFileSync(","                local.npmtest_nightwatch_html_reporter.__dirname + '/lib.npmtest_nightwatch_html_reporter.js',","                'utf8'","            ).replace((/^#!/), '//');","        /* jslint-ignore-end */","        local.assetsDict['/favicon.ico'] = local.assetsDict['/favicon.ico'] || '';","        // if $npm_config_timeout_exit exists,","        // then exit this process after $npm_config_timeout_exit ms","        if (Number(process.env.npm_config_timeout_exit)) {","            setTimeout(process.exit, Number(process.env.npm_config_timeout_exit));","        }","        // start server","        if (local.global.utility2_serverHttp1) {","            break;","        }","        process.env.PORT = process.env.PORT || '8081';","        console.error('server starting on port ' + process.env.PORT);","        local.http.createServer(function (request, response) {","            request.urlParsed = local.url.parse(request.url);","            if (local.assetsDict[request.urlParsed.pathname] !== undefined) {","                response.end(local.assetsDict[request.urlParsed.pathname]);","                return;","            }","            response.statusCode = 404;","            response.end();","        }).listen(process.env.PORT);","        break;","    }","}());",""],"l":{"26":2,"28":2,"33":2,"35":2,"37":2,"38":2,"39":2,"44":1,"51":2,"55":2,"59":2,"61":2,"69":1,"70":2,"76":2,"79":2,"82":2,"83":2,"85":1,"89":2,"92":1,"93":1,"94":1,"96":1,"97":1,"100":1,"101":1,"103":1,"106":1,"108":2,"114":1,"116":1,"118":1,"123":1,"124":2,"125":2,"126":3,"127":3,"128":3,"129":3,"130":1,"133":3,"134":3,"139":3,"143":1,"144":3,"145":1,"149":1,"150":1,"158":1,"160":1,"161":1,"162":1,"164":1,"166":1,"258":1,"259":1,"271":1,"274":6,"275":6,"277":1,"279":2,"281":1,"283":2,"288":1,"289":1,"291":1,"296":1,"303":1,"306":1,"307":1,"310":1,"311":1,"313":1,"314":1,"315":1,"316":1,"317":1,"318":1,"319":1,"321":1,"322":1,"324":1}},"/home/travis/build/npmtest/node-npmtest-nightwatch-html-reporter/node_modules/nightwatch-html-reporter/lib/reporter.js":{"path":"/home/travis/build/npmtest/node-npmtest-nightwatch-html-reporter/node_modules/nightwatch-html-reporter/lib/reporter.js","s":{"1":1,"2":1,"3":0,"4":0,"5":0,"6":0,"7":0,"8":0,"9":0,"10":0,"11":0,"12":0,"13":0,"14":0,"15":0,"16":0,"17":0,"18":0,"19":0,"20":0,"21":0,"22":0,"23":0},"b":{"1":[0,0],"2":[0,0],"3":[0,0]},"f":{"1":0,"2":0,"3":0,"4":0,"5":0,"6":0,"7":0},"fnMap":{"1":{"name":"(anonymous_1)","line":23,"loc":{"start":{"line":23,"column":17},"end":{"line":23,"column":35}}},"2":{"name":"(anonymous_2)","line":43,"loc":{"start":{"line":43,"column":12},"end":{"line":43,"column":36}}},"3":{"name":"generate","line":45,"loc":{"start":{"line":45,"column":19},"end":{"line":45,"column":43}}},"4":{"name":"(anonymous_4)","line":50,"loc":{"start":{"line":50,"column":9},"end":{"line":50,"column":39}}},"5":{"name":"saveResults","line":67,"loc":{"start":{"line":67,"column":6},"end":{"line":67,"column":33}}},"6":{"name":"(anonymous_6)","line":71,"loc":{"start":{"line":71,"column":87},"end":{"line":71,"column":101}}},"7":{"name":"(anonymous_7)","line":79,"loc":{"start":{"line":79,"column":7},"end":{"line":79,"column":21}}}},"statementMap":{"1":{"start":{"line":15,"column":0},"end":{"line":21,"column":52}},"2":{"start":{"line":23,"column":0},"end":{"line":85,"column":2}},"3":{"start":{"line":25,"column":2},"end":{"line":38,"column":5}},"4":{"start":{"line":40,"column":2},"end":{"line":40,"column":33}},"5":{"start":{"line":41,"column":2},"end":{"line":41,"column":52}},"6":{"start":{"line":43,"column":2},"end":{"line":83,"column":4}},"7":{"start":{"line":45,"column":4},"end":{"line":64,"column":6}},"8":{"start":{"line":47,"column":6},"end":{"line":63,"column":9}},"9":{"start":{"line":52,"column":8},"end":{"line":55,"column":9}},"10":{"start":{"line":53,"column":10},"end":{"line":53,"column":69}},"11":{"start":{"line":54,"column":10},"end":{"line":54,"column":27}},"12":{"start":{"line":57,"column":8},"end":{"line":57,"column":67}},"13":{"start":{"line":58,"column":8},"end":{"line":59,"column":31}},"14":{"start":{"line":59,"column":10},"end":{"line":59,"column":31}},"15":{"start":{"line":61,"column":8},"end":{"line":61,"column":15}},"16":{"start":{"line":66,"column":4},"end":{"line":81,"column":7}},"17":{"start":{"line":68,"column":8},"end":{"line":76,"column":9}},"18":{"start":{"line":69,"column":10},"end":{"line":69,"column":56}},"19":{"start":{"line":70,"column":10},"end":{"line":70,"column":33}},"20":{"start":{"line":71,"column":10},"end":{"line":73,"column":13}},"21":{"start":{"line":72,"column":12},"end":{"line":72,"column":22}},"22":{"start":{"line":75,"column":10},"end":{"line":75,"column":21}},"23":{"start":{"line":80,"column":6},"end":{"line":80,"column":16}}},"branchMap":{"1":{"line":52,"type":"if","locations":[{"start":{"line":52,"column":8},"end":{"line":52,"column":8}},{"start":{"line":52,"column":8},"end":{"line":52,"column":8}}]},"2":{"line":58,"type":"if","locations":[{"start":{"line":58,"column":8},"end":{"line":58,"column":8}},{"start":{"line":58,"column":8},"end":{"line":58,"column":8}}]},"3":{"line":68,"type":"if","locations":[{"start":{"line":68,"column":8},"end":{"line":68,"column":8}},{"start":{"line":68,"column":8},"end":{"line":68,"column":8}}]}},"code":["/*"," * nightwatch-html-reporter"," * https://github.com/jls/nightwatch-html-reporter"," *"," * A reporter for nightwatch that generates HTML reports."," * Example nightwatch/globals.js:"," * var HtmlReporter = require('nightwatch-html-reporter');"," * var htmlReporter = new HtmlReporter({openBrowser: true, reportsDirectory: __dirname + '/reports'});"," * module.exports = {"," *   reporter: htmlReporter.fn"," * }"," * Copyright (c) 2014 James Smith"," * Licensed under the MIT license."," */","var _ = require('lodash'),","    renderer = require('./renderer'),","    open = require('open'),","    async = require('async'),","    normalize = require('./normalize'),","    logger = require('./logger'),","    getOutputFilename = require('./outputFilename');","","module.exports = function(options) {","","  var opts = _.defaults({}, options, {","    reportsDirectory: __dirname + '/reports',","    openBrowser: true,","    hideSuccess: false,","    reportFilename: 'report.html',","    uniqueFilename: false,","    relativeScreenshots: false,","    themeName: 'default',","    logLevel: 1,","    fromXML: false, // Always false for reporter interface.","    debug: {","      saveNightwatch: false","    }","  });","","  logger.setLevel(opts.logLevel);","  opts.fullOutputFilename = getOutputFilename(opts);","","  this.fn = function(results, done) {","","    var generate = function generate(next) {","","      async.waterfall([","        normalize.bind(this, opts, results),","        renderer.bind(this, opts)","      ], function(err, reportFilename) {","","        if (err) {","          logger.error('Error generating report: ' + err.toString());","          return next(err);","        }","","        logger.info('HTML Report Generated at: ' + reportFilename);","        if (opts.openBrowser)","          open(reportFilename);","","        next();","","      });","    };","","    async.series([","      function saveResults(next) {","        if (opts.debug.saveNightwatch) {","          logger.log('Saving Nightwatch Report Object');","          var fs = require('fs');","          fs.writeFile(opts.debug.saveNightwatch, JSON.stringify(results, null, '\\t'), function(err) {","            next(err);","          });","        } else {","          next(null);","        }","      },","      generate","    ], function(err) {","      done(err);","    });","","  };","","};",""],"l":{"15":1,"23":1,"25":0,"40":0,"41":0,"43":0,"45":0,"47":0,"52":0,"53":0,"54":0,"57":0,"58":0,"59":0,"61":0,"66":0,"68":0,"69":0,"70":0,"71":0,"72":0,"75":0,"80":0}},"/home/travis/build/npmtest/node-npmtest-nightwatch-html-reporter/node_modules/nightwatch-html-reporter/lib/renderer.js":{"path":"/home/travis/build/npmtest/node-npmtest-nightwatch-html-reporter/node_modules/nightwatch-html-reporter/lib/renderer.js","s":{"1":1,"2":1,"3":0,"4":0,"5":0,"6":0,"7":0,"8":0,"9":0,"10":0,"11":0,"12":0,"13":0,"14":0,"15":0},"b":{"1":[0,0],"2":[0,0]},"f":{"1":0,"2":0},"fnMap":{"1":{"name":"(anonymous_1)","line":7,"loc":{"start":{"line":7,"column":17},"end":{"line":7,"column":51}}},"2":{"name":"(anonymous_2)","line":29,"loc":{"start":{"line":29,"column":35},"end":{"line":29,"column":49}}}},"statementMap":{"1":{"start":{"line":1,"column":0},"end":{"line":5,"column":52}},"2":{"start":{"line":7,"column":0},"end":{"line":37,"column":2}},"3":{"start":{"line":9,"column":2},"end":{"line":9,"column":76}},"4":{"start":{"line":10,"column":2},"end":{"line":10,"column":74}},"5":{"start":{"line":11,"column":2},"end":{"line":11,"column":43}},"6":{"start":{"line":13,"column":2},"end":{"line":13,"column":18}},"7":{"start":{"line":14,"column":2},"end":{"line":22,"column":3}},"8":{"start":{"line":15,"column":4},"end":{"line":19,"column":7}},"9":{"start":{"line":21,"column":4},"end":{"line":21,"column":34}},"10":{"start":{"line":27,"column":2},"end":{"line":34,"column":3}},"11":{"start":{"line":28,"column":4},"end":{"line":28,"column":37}},"12":{"start":{"line":29,"column":4},"end":{"line":31,"column":7}},"13":{"start":{"line":30,"column":6},"end":{"line":30,"column":47}},"14":{"start":{"line":33,"column":4},"end":{"line":33,"column":46}},"15":{"start":{"line":36,"column":2},"end":{"line":36,"column":20}}},"branchMap":{"1":{"line":9,"type":"binary-expr","locations":[{"start":{"line":9,"column":13},"end":{"line":9,"column":49}},{"start":{"line":9,"column":53},"end":{"line":9,"column":75}}]},"2":{"line":27,"type":"if","locations":[{"start":{"line":27,"column":2},"end":{"line":27,"column":2}},{"start":{"line":27,"column":2},"end":{"line":27,"column":2}}]}},"code":["var fs = require('fs'),","    pug = require('pug'),","    path = require('path'),","    logger = require('./logger'),","    getOutputFilename = require('./outputFilename');","","module.exports = function(opts, testRun, callback) {","","  var save = typeof opts.saveFile === 'undefined' || opts.saveFile === true;","  var theme = path.join(__dirname, 'themes', opts.themeName, 'index.pug');","  var outputPath = opts.fullOutputFilename;","","  var html = null;","  try {","    html = pug.renderFile(theme, {","      pretty: true,","      hideSuccess: opts.hideSuccess,","      testRun: testRun","    });","  } catch (e) {","    return callback(e.toString());","  }","","  // This option exists for tests so we","  // can check the generated HTML without actually","  // saving the file.","  if (save) {","    logger.log('Saving Report File');","    fs.writeFile(outputPath, html, function(err) {","      callback(err, outputPath, html, testRun);","    });","  } else {","    callback(null, outputPath, html, testRun);","  }","","  return outputPath;","};",""],"l":{"1":1,"7":1,"9":0,"10":0,"11":0,"13":0,"14":0,"15":0,"21":0,"27":0,"28":0,"29":0,"30":0,"33":0,"36":0}},"/home/travis/build/npmtest/node-npmtest-nightwatch-html-reporter/node_modules/nightwatch-html-reporter/lib/logger.js":{"path":"/home/travis/build/npmtest/node-npmtest-nightwatch-html-reporter/node_modules/nightwatch-html-reporter/lib/logger.js","s":{"1":1,"2":1,"3":1,"4":2,"5":0,"6":1,"7":4,"8":2,"9":0,"10":2,"11":2,"12":0,"13":2,"14":1},"b":{"1":[0,2],"2":[2,0],"3":[0,2]},"f":{"1":2,"2":0,"3":4,"4":2},"fnMap":{"1":{"name":"(anonymous_1)","line":5,"loc":{"start":{"line":5,"column":12},"end":{"line":5,"column":28}}},"2":{"name":"(anonymous_2)","line":8,"loc":{"start":{"line":8,"column":7},"end":{"line":8,"column":32}}},"3":{"name":"(anonymous_3)","line":13,"loc":{"start":{"line":13,"column":15},"end":{"line":13,"column":35}}},"4":{"name":"(anonymous_4)","line":14,"loc":{"start":{"line":14,"column":12},"end":{"line":14,"column":23}}}},"statementMap":{"1":{"start":{"line":1,"column":0},"end":{"line":1,"column":27}},"2":{"start":{"line":2,"column":0},"end":{"line":2,"column":46}},"3":{"start":{"line":3,"column":0},"end":{"line":11,"column":2}},"4":{"start":{"line":6,"column":4},"end":{"line":6,"column":23}},"5":{"start":{"line":9,"column":4},"end":{"line":9,"column":52}},"6":{"start":{"line":13,"column":0},"end":{"line":26,"column":3}},"7":{"start":{"line":14,"column":2},"end":{"line":25,"column":4}},"8":{"start":{"line":15,"column":4},"end":{"line":16,"column":13}},"9":{"start":{"line":16,"column":6},"end":{"line":16,"column":13}},"10":{"start":{"line":18,"column":4},"end":{"line":24,"column":5}},"11":{"start":{"line":20,"column":6},"end":{"line":21,"column":19}},"12":{"start":{"line":21,"column":8},"end":{"line":21,"column":19}},"13":{"start":{"line":23,"column":6},"end":{"line":23,"column":44}},"14":{"start":{"line":28,"column":0},"end":{"line":28,"column":21}}},"branchMap":{"1":{"line":15,"type":"if","locations":[{"start":{"line":15,"column":4},"end":{"line":15,"column":4}},{"start":{"line":15,"column":4},"end":{"line":15,"column":4}}]},"2":{"line":18,"type":"if","locations":[{"start":{"line":18,"column":4},"end":{"line":18,"column":4}},{"start":{"line":18,"column":4},"end":{"line":18,"column":4}}]},"3":{"line":20,"type":"if","locations":[{"start":{"line":20,"column":6},"end":{"line":20,"column":6}},{"start":{"line":20,"column":6},"end":{"line":20,"column":6}}]}},"code":["var util = require('util');","var levels = ['log', 'info', 'warn', 'error'];","var ret = {","  level: 1,","  setLevel: function(level) {","    this.level = level;","  },","  obj: function(object, method) {","    this[method](util.inspect(object, false, null));","  }","};","","levels.forEach(function(fn, index) {","  ret[fn] = function() {","    if (typeof console === 'undefined')","      return;","","    if (index >= ret.level) {","","      if (!console[fn])","        fn = 'log';","","      console[fn].apply(console, arguments);","    }","  };","});","","module.exports = ret;",""],"l":{"1":1,"2":1,"3":1,"6":2,"9":0,"13":1,"14":4,"15":2,"16":0,"18":2,"20":2,"21":0,"23":2,"28":1}},"/home/travis/build/npmtest/node-npmtest-nightwatch-html-reporter/node_modules/nightwatch-html-reporter/lib/outputFilename.js":{"path":"/home/travis/build/npmtest/node-npmtest-nightwatch-html-reporter/node_modules/nightwatch-html-reporter/lib/outputFilename.js","s":{"1":1,"2":1,"3":1,"4":0,"5":0,"6":0,"7":0,"8":0},"b":{"1":[0,0]},"f":{"1":0},"fnMap":{"1":{"name":"(anonymous_1)","line":5,"loc":{"start":{"line":5,"column":17},"end":{"line":5,"column":41}}}},"statementMap":{"1":{"start":{"line":3,"column":0},"end":{"line":3,"column":33}},"2":{"start":{"line":4,"column":0},"end":{"line":4,"column":27}},"3":{"start":{"line":5,"column":0},"end":{"line":11,"column":2}},"4":{"start":{"line":6,"column":2},"end":{"line":6,"column":61}},"5":{"start":{"line":7,"column":2},"end":{"line":7,"column":50}},"6":{"start":{"line":8,"column":2},"end":{"line":8,"column":80}},"7":{"start":{"line":9,"column":2},"end":{"line":9,"column":71}},"8":{"start":{"line":10,"column":2},"end":{"line":10,"column":20}}},"branchMap":{"1":{"line":8,"type":"cond-expr","locations":[{"start":{"line":8,"column":53},"end":{"line":8,"column":63}},{"start":{"line":8,"column":66},"end":{"line":8,"column":68}}]}},"code":["// Returns the filename of the report that should","// be saved to disk.","var logger = require('./logger');","var path = require('path');","module.exports = function(opts, testRun) {","  var basename = path.basename(opts.reportFilename, '.html');","  var dirname = path.dirname(opts.reportFilename);","  var filename = basename + ((opts.uniqueFilename) ? Date.now() : '') + '.html';","  var outputPath = path.join(opts.reportsDirectory, dirname, filename);","  return outputPath;","};",""],"l":{"3":1,"4":1,"5":1,"6":0,"7":0,"8":0,"9":0,"10":0}},"/home/travis/build/npmtest/node-npmtest-nightwatch-html-reporter/node_modules/nightwatch-html-reporter/lib/normalize.js":{"path":"/home/travis/build/npmtest/node-npmtest-nightwatch-html-reporter/node_modules/nightwatch-html-reporter/lib/normalize.js","s":{"1":1,"2":1,"3":0,"4":1,"5":0,"6":1,"7":0,"8":1,"9":0,"10":0,"11":0,"12":0,"13":0,"14":0,"15":0,"16":0,"17":0,"18":0,"19":0,"20":0,"21":0,"22":0,"23":0,"24":0,"25":0,"26":0,"27":0,"28":0,"29":0,"30":0,"31":0,"32":0,"33":0,"34":0,"35":0,"36":0,"37":0,"38":0,"39":0,"40":0,"41":0,"42":0,"43":0,"44":0,"45":0,"46":0,"47":0,"48":0,"49":0,"50":0,"51":0,"52":0,"53":0,"54":0,"55":0,"56":0,"57":0,"58":0,"59":0,"60":0,"61":0,"62":0,"63":0,"64":0,"65":0,"66":0,"67":0,"68":0,"69":0,"70":1,"71":0,"72":0,"73":0},"b":{"1":[0,0],"2":[0,0],"3":[0,0],"4":[0,0],"5":[0,0],"6":[0,0],"7":[0,0],"8":[0,0],"9":[0,0],"10":[0,0],"11":[0,0],"12":[0,0],"13":[0,0],"14":[0,0],"15":[0,0],"16":[0,0],"17":[0,0],"18":[0,0],"19":[0,0],"20":[0,0],"21":[0,0],"22":[0,0]},"f":{"1":0,"2":0,"3":0,"4":0,"5":0,"6":0,"7":0,"8":0,"9":0,"10":0,"11":0,"12":0,"13":0},"fnMap":{"1":{"name":"getScreenshotPath","line":35,"loc":{"start":{"line":35,"column":0},"end":{"line":35,"column":35}}},"2":{"name":"concatErrMessages","line":39,"loc":{"start":{"line":39,"column":0},"end":{"line":39,"column":43}}},"3":{"name":"parse","line":43,"loc":{"start":{"line":43,"column":0},"end":{"line":43,"column":20}}},"4":{"name":"(anonymous_4)","line":51,"loc":{"start":{"line":51,"column":7},"end":{"line":51,"column":45}}},"5":{"name":"(anonymous_5)","line":53,"loc":{"start":{"line":53,"column":20},"end":{"line":53,"column":37}}},"6":{"name":"(anonymous_6)","line":64,"loc":{"start":{"line":64,"column":42},"end":{"line":64,"column":62}}},"7":{"name":"(anonymous_7)","line":96,"loc":{"start":{"line":96,"column":35},"end":{"line":96,"column":54}}},"8":{"name":"(anonymous_8)","line":146,"loc":{"start":{"line":146,"column":10},"end":{"line":146,"column":48}}},"9":{"name":"(anonymous_9)","line":149,"loc":{"start":{"line":149,"column":30},"end":{"line":149,"column":53}}},"10":{"name":"(anonymous_10)","line":160,"loc":{"start":{"line":160,"column":30},"end":{"line":160,"column":57}}},"11":{"name":"(anonymous_11)","line":182,"loc":{"start":{"line":182,"column":33},"end":{"line":182,"column":53}}},"12":{"name":"(anonymous_12)","line":190,"loc":{"start":{"line":190,"column":56},"end":{"line":190,"column":73}}},"13":{"name":"(anonymous_13)","line":218,"loc":{"start":{"line":218,"column":17},"end":{"line":218,"column":51}}}},"statementMap":{"1":{"start":{"line":30,"column":0},"end":{"line":33,"column":48}},"2":{"start":{"line":35,"column":0},"end":{"line":37,"column":1}},"3":{"start":{"line":36,"column":2},"end":{"line":36,"column":100}},"4":{"start":{"line":39,"column":0},"end":{"line":41,"column":1}},"5":{"start":{"line":40,"column":2},"end":{"line":40,"column":54}},"6":{"start":{"line":43,"column":0},"end":{"line":45,"column":1}},"7":{"start":{"line":44,"column":2},"end":{"line":44,"column":46}},"8":{"start":{"line":47,"column":0},"end":{"line":216,"column":2}},"9":{"start":{"line":53,"column":4},"end":{"line":139,"column":7}},"10":{"start":{"line":55,"column":6},"end":{"line":60,"column":8}},"11":{"start":{"line":61,"column":6},"end":{"line":61,"column":39}},"12":{"start":{"line":63,"column":6},"end":{"line":63,"column":37}},"13":{"start":{"line":64,"column":6},"end":{"line":135,"column":9}},"14":{"start":{"line":65,"column":8},"end":{"line":65,"column":28}},"15":{"start":{"line":67,"column":8},"end":{"line":75,"column":10}},"16":{"start":{"line":79,"column":8},"end":{"line":89,"column":9}},"17":{"start":{"line":80,"column":10},"end":{"line":84,"column":11}},"18":{"start":{"line":81,"column":12},"end":{"line":81,"column":50}},"19":{"start":{"line":83,"column":12},"end":{"line":83,"column":37}},"20":{"start":{"line":86,"column":10},"end":{"line":88,"column":11}},"21":{"start":{"line":87,"column":12},"end":{"line":87,"column":67}},"22":{"start":{"line":91,"column":8},"end":{"line":91,"column":67}},"23":{"start":{"line":92,"column":8},"end":{"line":92,"column":65}},"24":{"start":{"line":93,"column":8},"end":{"line":93,"column":44}},"25":{"start":{"line":94,"column":8},"end":{"line":94,"column":31}},"26":{"start":{"line":96,"column":8},"end":{"line":130,"column":11}},"27":{"start":{"line":98,"column":10},"end":{"line":108,"column":12}},"28":{"start":{"line":110,"column":10},"end":{"line":111,"column":34}},"29":{"start":{"line":111,"column":12},"end":{"line":111,"column":34}},"30":{"start":{"line":113,"column":10},"end":{"line":114,"column":59}},"31":{"start":{"line":114,"column":12},"end":{"line":114,"column":59}},"32":{"start":{"line":116,"column":10},"end":{"line":122,"column":11}},"33":{"start":{"line":117,"column":12},"end":{"line":117,"column":67}},"34":{"start":{"line":118,"column":12},"end":{"line":120,"column":13}},"35":{"start":{"line":119,"column":14},"end":{"line":119,"column":75}},"36":{"start":{"line":121,"column":12},"end":{"line":121,"column":44}},"37":{"start":{"line":124,"column":10},"end":{"line":124,"column":44}},"38":{"start":{"line":125,"column":10},"end":{"line":125,"column":35}},"39":{"start":{"line":127,"column":10},"end":{"line":128,"column":35}},"40":{"start":{"line":128,"column":12},"end":{"line":128,"column":35}},"41":{"start":{"line":132,"column":8},"end":{"line":133,"column":31}},"42":{"start":{"line":133,"column":10},"end":{"line":133,"column":31}},"43":{"start":{"line":137,"column":6},"end":{"line":137,"column":26}},"44":{"start":{"line":141,"column":4},"end":{"line":141,"column":20}},"45":{"start":{"line":148,"column":4},"end":{"line":148,"column":78}},"46":{"start":{"line":149,"column":4},"end":{"line":210,"column":7}},"47":{"start":{"line":151,"column":6},"end":{"line":158,"column":8}},"48":{"start":{"line":160,"column":6},"end":{"line":203,"column":9}},"49":{"start":{"line":162,"column":8},"end":{"line":171,"column":10}},"50":{"start":{"line":176,"column":8},"end":{"line":177,"column":42}},"51":{"start":{"line":177,"column":10},"end":{"line":177,"column":42}},"52":{"start":{"line":179,"column":8},"end":{"line":179,"column":72}},"53":{"start":{"line":180,"column":8},"end":{"line":180,"column":33}},"54":{"start":{"line":182,"column":8},"end":{"line":198,"column":11}},"55":{"start":{"line":184,"column":10},"end":{"line":184,"column":48}},"56":{"start":{"line":185,"column":10},"end":{"line":185,"column":56}},"57":{"start":{"line":186,"column":10},"end":{"line":186,"column":47}},"58":{"start":{"line":187,"column":10},"end":{"line":187,"column":36}},"59":{"start":{"line":189,"column":10},"end":{"line":193,"column":11}},"60":{"start":{"line":190,"column":12},"end":{"line":192,"column":15}},"61":{"start":{"line":191,"column":14},"end":{"line":191,"column":73}},"62":{"start":{"line":195,"column":10},"end":{"line":196,"column":36}},"63":{"start":{"line":196,"column":12},"end":{"line":196,"column":36}},"64":{"start":{"line":200,"column":8},"end":{"line":201,"column":32}},"65":{"start":{"line":201,"column":10},"end":{"line":201,"column":32}},"66":{"start":{"line":205,"column":6},"end":{"line":205,"column":27}},"67":{"start":{"line":207,"column":6},"end":{"line":208,"column":39}},"68":{"start":{"line":208,"column":8},"end":{"line":208,"column":39}},"69":{"start":{"line":212,"column":4},"end":{"line":212,"column":20}},"70":{"start":{"line":218,"column":0},"end":{"line":224,"column":2}},"71":{"start":{"line":220,"column":2},"end":{"line":220,"column":77}},"72":{"start":{"line":221,"column":2},"end":{"line":221,"column":34}},"73":{"start":{"line":222,"column":2},"end":{"line":222,"column":87}}},"branchMap":{"1":{"line":44,"type":"cond-expr","locations":[{"start":{"line":44,"column":24},"end":{"line":44,"column":25}},{"start":{"line":44,"column":28},"end":{"line":44,"column":45}}]},"2":{"line":79,"type":"if","locations":[{"start":{"line":79,"column":8},"end":{"line":79,"column":8}},{"start":{"line":79,"column":8},"end":{"line":79,"column":8}}]},"3":{"line":80,"type":"if","locations":[{"start":{"line":80,"column":10},"end":{"line":80,"column":10}},{"start":{"line":80,"column":10},"end":{"line":80,"column":10}}]},"4":{"line":86,"type":"if","locations":[{"start":{"line":86,"column":10},"end":{"line":86,"column":10}},{"start":{"line":86,"column":10},"end":{"line":86,"column":10}}]},"5":{"line":92,"type":"binary-expr","locations":[{"start":{"line":92,"column":26},"end":{"line":92,"column":42}},{"start":{"line":92,"column":46},"end":{"line":92,"column":64}}]},"6":{"line":110,"type":"if","locations":[{"start":{"line":110,"column":10},"end":{"line":110,"column":10}},{"start":{"line":110,"column":10},"end":{"line":110,"column":10}}]},"7":{"line":113,"type":"if","locations":[{"start":{"line":113,"column":10},"end":{"line":113,"column":10}},{"start":{"line":113,"column":10},"end":{"line":113,"column":10}}]},"8":{"line":113,"type":"binary-expr","locations":[{"start":{"line":113,"column":14},"end":{"line":113,"column":30}},{"start":{"line":113,"column":34},"end":{"line":113,"column":61}}]},"9":{"line":116,"type":"if","locations":[{"start":{"line":116,"column":10},"end":{"line":116,"column":10}},{"start":{"line":116,"column":10},"end":{"line":116,"column":10}}]},"10":{"line":118,"type":"if","locations":[{"start":{"line":118,"column":12},"end":{"line":118,"column":12}},{"start":{"line":118,"column":12},"end":{"line":118,"column":12}}]},"11":{"line":127,"type":"if","locations":[{"start":{"line":127,"column":10},"end":{"line":127,"column":10}},{"start":{"line":127,"column":10},"end":{"line":127,"column":10}}]},"12":{"line":132,"type":"if","locations":[{"start":{"line":132,"column":8},"end":{"line":132,"column":8}},{"start":{"line":132,"column":8},"end":{"line":132,"column":8}}]},"13":{"line":157,"type":"binary-expr","locations":[{"start":{"line":157,"column":20},"end":{"line":157,"column":38}},{"start":{"line":157,"column":42},"end":{"line":157,"column":58}}]},"14":{"line":176,"type":"if","locations":[{"start":{"line":176,"column":8},"end":{"line":176,"column":8}},{"start":{"line":176,"column":8},"end":{"line":176,"column":8}}]},"15":{"line":176,"type":"binary-expr","locations":[{"start":{"line":176,"column":12},"end":{"line":176,"column":31}},{"start":{"line":176,"column":35},"end":{"line":176,"column":64}}]},"16":{"line":179,"type":"binary-expr","locations":[{"start":{"line":179,"column":27},"end":{"line":179,"column":48}},{"start":{"line":179,"column":52},"end":{"line":179,"column":71}}]},"17":{"line":185,"type":"binary-expr","locations":[{"start":{"line":185,"column":31},"end":{"line":185,"column":49}},{"start":{"line":185,"column":53},"end":{"line":185,"column":55}}]},"18":{"line":189,"type":"if","locations":[{"start":{"line":189,"column":10},"end":{"line":189,"column":10}},{"start":{"line":189,"column":10},"end":{"line":189,"column":10}}]},"19":{"line":195,"type":"if","locations":[{"start":{"line":195,"column":10},"end":{"line":195,"column":10}},{"start":{"line":195,"column":10},"end":{"line":195,"column":10}}]},"20":{"line":200,"type":"if","locations":[{"start":{"line":200,"column":8},"end":{"line":200,"column":8}},{"start":{"line":200,"column":8},"end":{"line":200,"column":8}}]},"21":{"line":207,"type":"if","locations":[{"start":{"line":207,"column":6},"end":{"line":207,"column":6}},{"start":{"line":207,"column":6},"end":{"line":207,"column":6}}]},"22":{"line":222,"type":"cond-expr","locations":[{"start":{"line":222,"column":38},"end":{"line":222,"column":43}},{"start":{"line":222,"column":46},"end":{"line":222,"column":54}}]}},"code":["// Accepts either XML data or the report object","// from nightwatch and returns a normalized","// object structure.","/*","  run: {","    isFailure: t or f","    packages: [{","      name: 'name',","      tests: number of tests","      failures: number of ailures","      isFailure: t or f","      suites: [{","        name: 'name',","        pkgName: 'name from pkg',","        passed: number of tests passed","        failures: number of test failures","        errors: number of test errors","        skipped: number skipped,","        cases: [{","          isFailure: t or f,","          message: 'assertion message',","          stacktrace: empty string or stack trace,","          failure: false or failure message,","          screenshots: ['path/to/screen1', '/path/to/screen2']","        }]","      }]","    }]","  }","*/","var _ = require('lodash'),","    TestRun = require('./models/testRun'),","    logger = require('./logger'),","    getRelativePath = require('./relativePath');","","function getScreenshotPath(sysout) {","  return sysout[0].replace(/\\n/g, '').replace('.png]]', '.png').replace('[[ATTACHMENT|', '').trim();","}","","function concatErrMessages(concatTo, errs) {","  return _.uniq(concatTo.concat(_.map(errs, _.trim)));","}","","function parse(str) {","  return _.isNaN(str) ? 0 : parseInt(str, 10);","}","","var normalizers = {","","  // Converts a object parsed from XML report files","  // into models.","  xml: function(results, run, options, done) {","","    _.each(results, function(result) {","","      var pkg = {","        name: result.testsuites.$.name,","        tests: parse(result.testsuites.$.tests),","        failures: parse(result.testsuites.$.failures),","        suites: []","      };","      pkg.isFailure = pkg.failures > 0;","","      var filename = result.filename;","      _.each(result.testsuites.testsuite, function(suiteData) {","        var $ = suiteData.$;","","        var suite = {","          name: $.name,","          pkgName: $.package,","          failures: parse($.failures),","          errors: parse($.errors),","          skipped: parse($.skipped),","          tests: parse($.tests),","          cases: []","        };","","        // Sometimes the package name isn't in the","        // xml reports...","        if (!pkg.name) {","          if (result.testsuites.filename) {","            pkg.name = result.testsuites.filename;","          } else {","            pkg.name = suite.pkgName;","          }","        } else {","          if (result.testsuites.filename) {","            pkg.name = result.testsuites.filename + '-' + pkg.name;","          }","        }","","        suite.passed = suite.tests - suite.errors - suite.failures;","        suite.isFailure = suite.errors > 0 || suite.failures > 0;","        suite.errmessages = $['system-err'];","        pkg.suites.push(suite);","","        _.each(suiteData.testcase, function(caseData) {","","          var assert = {","            message: caseData.$.name,","            time: caseData.$.time,","            stacktrace: '',","            failure: false,","            skipped: false,","            screenshots: []","","            // failure: false or failure message,","            // screenshots: ['path/to/screen1', '/path/to/screen2']","          };","","          if (caseData.skipped)","            assert.skipped = true;","","          if (caseData.failure && caseData.failure.length > 0)","            assert.failure = caseData.failure[0].$.message;","","          if (caseData['system-out']) {","            var sspath = getScreenshotPath(caseData['system-out']);","            if (options.relativeScreenshots) {","              sspath = getRelativePath(options.fullOutputFilename, sspath);","            }","            assert.screenshots.push(sspath);","          }","","          assert.isFailure = assert.failure;","          suite.cases.push(assert);","","          if (assert.isFailure)","            suite.isFailure = true;","","        });","","        if (suite.isFailure)","          pkg.isFailure = true;","","      });","","      run.addPackage(pkg);","","    });","","    done(null, run);","  },","","  // Converts an object given to us by nightwatch","  // into models.","  latest: function(results, run, options, done) {","","    run.errmessages = concatErrMessages(run.errmessages, results.errmessages);","    _.forOwn(results.modules, function(pkg, pkgName) {","","      var npkg = {","        name: pkgName,","        suites: [],","        tests: pkg.tests,","        failures: pkg.failures,","        errors: pkg.errors,","        isFailure: (pkg.failures !== 0 && pkg.errors !== 0)","      };","","      _.forOwn(pkg.completed, function(suite, suiteName) {","","        var nsuite = {","          name: suiteName,","          pkgName: npkg.name,","          passed: suite.passed,","          failures: suite.failed,","          errors: suite.errors,","          skipped: suite.skipped,","          time: suite.time,","          cases: []","        };","","        // Little weird here but the report object","        // will not report an error, it will instead","        // have X failed and empty assertions array.","        if (nsuite.failures > 0 && suite.assertions.length === 0)","          nsuite.errors = nsuite.failures;","","        nsuite.isFailure = nsuite.failures !== 0 || nsuite.errors !== 0;","        npkg.suites.push(nsuite);","","        _.each(suite.assertions, function(assertion) {","","          var assert = _.clone(assertion, true);","          assert.screenshots = assert.screenshots || [];","          assert.isFailure = assertion.failure;","          nsuite.cases.push(assert);","","          if (options.relativeScreenshots) {","            assert.screenshots = assert.screenshots.map(function(sspath) {","              return getRelativePath(options.fullOutputFilename, sspath);","            });","          }","","          if (assert.isFailure)","            nsuite.isFailure = true;","","        });","","        if (nsuite.isFailure)","          npkg.isFailure = true;","","      });","","      run.addPackage(npkg);","","      if (npkg.isFailure)","        run.isFailure = npkg.isFailure;","","    });","","    done(null, run);","","  }","","};","","module.exports = function(options, data, callback) {","","  var opts = _.defaults({}, options, { fromXML: false, hideSuccess: false });","  var testRun = new TestRun(opts);","  return normalizers[(opts.fromXML) ? 'xml' : 'latest'](data, testRun, opts, callback);","","};",""],"l":{"30":1,"35":1,"36":0,"39":1,"40":0,"43":1,"44":0,"47":1,"53":0,"55":0,"61":0,"63":0,"64":0,"65":0,"67":0,"79":0,"80":0,"81":0,"83":0,"86":0,"87":0,"91":0,"92":0,"93":0,"94":0,"96":0,"98":0,"110":0,"111":0,"113":0,"114":0,"116":0,"117":0,"118":0,"119":0,"121":0,"124":0,"125":0,"127":0,"128":0,"132":0,"133":0,"137":0,"141":0,"148":0,"149":0,"151":0,"160":0,"162":0,"176":0,"177":0,"179":0,"180":0,"182":0,"184":0,"185":0,"186":0,"187":0,"189":0,"190":0,"191":0,"195":0,"196":0,"200":0,"201":0,"205":0,"207":0,"208":0,"212":0,"218":1,"220":0,"221":0,"222":0}},"/home/travis/build/npmtest/node-npmtest-nightwatch-html-reporter/node_modules/nightwatch-html-reporter/lib/models/testRun.js":{"path":"/home/travis/build/npmtest/node-npmtest-nightwatch-html-reporter/node_modules/nightwatch-html-reporter/lib/models/testRun.js","s":{"1":1,"2":0,"3":0,"4":0,"5":0,"6":0,"7":0,"8":0,"9":0,"10":0},"b":{"1":[0,0],"2":[0,0],"3":[0,0,0]},"f":{"1":0,"2":0},"fnMap":{"1":{"name":"(anonymous_1)","line":1,"loc":{"start":{"line":1,"column":17},"end":{"line":1,"column":32}}},"2":{"name":"(anonymous_2)","line":8,"loc":{"start":{"line":8,"column":20},"end":{"line":8,"column":34}}}},"statementMap":{"1":{"start":{"line":1,"column":0},"end":{"line":16,"column":2}},"2":{"start":{"line":3,"column":2},"end":{"line":3,"column":24}},"3":{"start":{"line":4,"column":2},"end":{"line":4,"column":21}},"4":{"start":{"line":5,"column":2},"end":{"line":5,"column":19}},"5":{"start":{"line":6,"column":2},"end":{"line":6,"column":25}},"6":{"start":{"line":8,"column":2},"end":{"line":14,"column":4}},"7":{"start":{"line":9,"column":4},"end":{"line":10,"column":28}},"8":{"start":{"line":10,"column":6},"end":{"line":10,"column":28}},"9":{"start":{"line":12,"column":4},"end":{"line":13,"column":30}},"10":{"start":{"line":13,"column":6},"end":{"line":13,"column":30}}},"branchMap":{"1":{"line":9,"type":"if","locations":[{"start":{"line":9,"column":4},"end":{"line":9,"column":4}},{"start":{"line":9,"column":4},"end":{"line":9,"column":4}}]},"2":{"line":12,"type":"if","locations":[{"start":{"line":12,"column":4},"end":{"line":12,"column":4}},{"start":{"line":12,"column":4},"end":{"line":12,"column":4}}]},"3":{"line":12,"type":"binary-expr","locations":[{"start":{"line":12,"column":8},"end":{"line":12,"column":25}},{"start":{"line":12,"column":30},"end":{"line":12,"column":46}},{"start":{"line":12,"column":50},"end":{"line":12,"column":63}}]}},"code":["module.exports = function(opts) {","","  this.errmessages = [];","  this.packages = [];","  this.opts = opts;","  this.isFailure = false;","","  this.addPackage = function(pkg) {","    if (pkg.isFailure)","      this.isFailure = true;","","    if (!opts.hideSuccess || (opts.hideSuccess && pkg.isFailure))","      this.packages.push(pkg);","  };","","};",""],"l":{"1":1,"3":0,"4":0,"5":0,"6":0,"8":0,"9":0,"10":0,"12":0,"13":0}},"/home/travis/build/npmtest/node-npmtest-nightwatch-html-reporter/node_modules/nightwatch-html-reporter/lib/relativePath.js":{"path":"/home/travis/build/npmtest/node-npmtest-nightwatch-html-reporter/node_modules/nightwatch-html-reporter/lib/relativePath.js","s":{"1":1,"2":1,"3":0,"4":0,"5":0},"b":{},"f":{"1":0},"fnMap":{"1":{"name":"(anonymous_1)","line":3,"loc":{"start":{"line":3,"column":17},"end":{"line":3,"column":58}}}},"statementMap":{"1":{"start":{"line":1,"column":0},"end":{"line":1,"column":27}},"2":{"start":{"line":3,"column":0},"end":{"line":7,"column":1}},"3":{"start":{"line":4,"column":2},"end":{"line":4,"column":44}},"4":{"start":{"line":5,"column":2},"end":{"line":5,"column":36}},"5":{"start":{"line":6,"column":2},"end":{"line":6,"column":47}}},"branchMap":{},"code":["var path = require('path');","","module.exports = function(outputFilename, screenshotPath) {","  var absOut = path.resolve(outputFilename);","  var absDir = path.dirname(absOut);","  return path.relative(absDir, screenshotPath);","}",""],"l":{"1":1,"3":1,"4":0,"5":0,"6":0}},"/home/travis/build/npmtest/node-npmtest-nightwatch-html-reporter/node_modules/nightwatch-html-reporter/Gruntfile.js":{"path":"/home/travis/build/npmtest/node-npmtest-nightwatch-html-reporter/node_modules/nightwatch-html-reporter/Gruntfile.js","s":{"1":1,"2":0,"3":0,"4":0,"5":0,"6":0},"b":{},"f":{"1":0},"fnMap":{"1":{"name":"(anonymous_1)","line":3,"loc":{"start":{"line":3,"column":17},"end":{"line":3,"column":33}}}},"statementMap":{"1":{"start":{"line":3,"column":0},"end":{"line":48,"column":2}},"2":{"start":{"line":6,"column":2},"end":{"line":38,"column":5}},"3":{"start":{"line":41,"column":2},"end":{"line":41,"column":47}},"4":{"start":{"line":42,"column":2},"end":{"line":42,"column":45}},"5":{"start":{"line":43,"column":2},"end":{"line":43,"column":44}},"6":{"start":{"line":46,"column":2},"end":{"line":46,"column":56}}},"branchMap":{},"code":["'use strict';","","module.exports = function(grunt) {","","  // Project configuration.","  grunt.initConfig({","    nodeunit: {","      files: ['test/**/*_test.js']","    },","    jshint: {","      options: {","        jshintrc: '.jshintrc'","      },","      gruntfile: {","        src: 'Gruntfile.js'","      },","      lib: {","        src: ['lib/**/*.js']","      },","      test: {","        src: ['test/**/*.js']","      }","    },","    watch: {","      gruntfile: {","        files: '<%= jshint.gruntfile.src %>',","        tasks: ['jshint:gruntfile']","      },","      lib: {","        files: '<%= jshint.lib.src %>',","        tasks: ['jshint:lib', 'nodeunit']","      },","      test: {","        files: '<%= jshint.test.src %>',","        tasks: ['jshint:test', 'nodeunit']","      }","    }","  });","","  // These plugins provide necessary tasks.","  grunt.loadNpmTasks('grunt-contrib-nodeunit');","  grunt.loadNpmTasks('grunt-contrib-jshint');","  grunt.loadNpmTasks('grunt-contrib-watch');","","  // Default task.","  grunt.registerTask('default', ['jshint', 'nodeunit']);","","};",""],"l":{"3":1,"6":0,"41":0,"42":0,"43":0,"46":0}},"/home/travis/build/npmtest/node-npmtest-nightwatch-html-reporter/node_modules/nightwatch-html-reporter/lib/cli.js":{"path":"/home/travis/build/npmtest/node-npmtest-nightwatch-html-reporter/node_modules/nightwatch-html-reporter/lib/cli.js","s":{"1":2,"2":2,"3":2,"4":2,"5":2,"6":2,"7":2,"8":0,"9":0,"10":0,"11":0,"12":0,"13":0,"14":0,"15":0,"16":0,"17":0,"18":0,"19":0,"20":0,"21":0,"22":0,"23":0,"24":0,"25":0,"26":0,"27":0},"b":{"1":[0,0],"2":[0,0],"3":[0,0],"4":[0,0]},"f":{"1":0,"2":0,"3":0,"4":0,"5":0,"6":0,"7":0,"8":0,"9":0},"fnMap":{"1":{"name":"readFiles","line":108,"loc":{"start":{"line":108,"column":2},"end":{"line":108,"column":36}}},"2":{"name":"(anonymous_2)","line":109,"loc":{"start":{"line":109,"column":29},"end":{"line":109,"column":53}}},"3":{"name":"(anonymous_3)","line":110,"loc":{"start":{"line":110,"column":35},"end":{"line":110,"column":59}}},"4":{"name":"parseFiles","line":116,"loc":{"start":{"line":116,"column":2},"end":{"line":116,"column":34}}},"5":{"name":"(anonymous_5)","line":117,"loc":{"start":{"line":117,"column":20},"end":{"line":117,"column":44}}},"6":{"name":"(anonymous_6)","line":118,"loc":{"start":{"line":118,"column":31},"end":{"line":118,"column":53}}},"7":{"name":"saveParsedXML","line":126,"loc":{"start":{"line":126,"column":2},"end":{"line":126,"column":43}}},"8":{"name":"(anonymous_8)","line":129,"loc":{"start":{"line":129,"column":79},"end":{"line":129,"column":93}}},"9":{"name":"(anonymous_9)","line":141,"loc":{"start":{"line":141,"column":3},"end":{"line":141,"column":44}}}},"statementMap":{"1":{"start":{"line":10,"column":0},"end":{"line":20,"column":52}},"2":{"start":{"line":22,"column":0},"end":{"line":73,"column":9}},"3":{"start":{"line":75,"column":0},"end":{"line":90,"column":2}},"4":{"start":{"line":92,"column":0},"end":{"line":92,"column":36}},"5":{"start":{"line":93,"column":0},"end":{"line":93,"column":31}},"6":{"start":{"line":94,"column":0},"end":{"line":94,"column":44}},"7":{"start":{"line":96,"column":0},"end":{"line":100,"column":2}},"8":{"start":{"line":102,"column":0},"end":{"line":102,"column":50}},"9":{"start":{"line":104,"column":0},"end":{"line":150,"column":3}},"10":{"start":{"line":109,"column":4},"end":{"line":113,"column":13}},"11":{"start":{"line":110,"column":6},"end":{"line":112,"column":9}},"12":{"start":{"line":111,"column":8},"end":{"line":111,"column":58}},"13":{"start":{"line":117,"column":4},"end":{"line":123,"column":13}},"14":{"start":{"line":118,"column":6},"end":{"line":122,"column":9}},"15":{"start":{"line":119,"column":8},"end":{"line":120,"column":51}},"16":{"start":{"line":120,"column":10},"end":{"line":120,"column":51}},"17":{"start":{"line":121,"column":8},"end":{"line":121,"column":27}},"18":{"start":{"line":127,"column":4},"end":{"line":134,"column":5}},"19":{"start":{"line":128,"column":6},"end":{"line":128,"column":29}},"20":{"start":{"line":129,"column":6},"end":{"line":131,"column":9}},"21":{"start":{"line":130,"column":8},"end":{"line":130,"column":30}},"22":{"start":{"line":133,"column":6},"end":{"line":133,"column":29}},"23":{"start":{"line":143,"column":2},"end":{"line":144,"column":70}},"24":{"start":{"line":144,"column":4},"end":{"line":144,"column":70}},"25":{"start":{"line":146,"column":2},"end":{"line":146,"column":56}},"26":{"start":{"line":147,"column":2},"end":{"line":148,"column":25}},"27":{"start":{"line":148,"column":4},"end":{"line":148,"column":25}}},"branchMap":{"1":{"line":119,"type":"if","locations":[{"start":{"line":119,"column":8},"end":{"line":119,"column":8}},{"start":{"line":119,"column":8},"end":{"line":119,"column":8}}]},"2":{"line":127,"type":"if","locations":[{"start":{"line":127,"column":4},"end":{"line":127,"column":4}},{"start":{"line":127,"column":4},"end":{"line":127,"column":4}}]},"3":{"line":143,"type":"if","locations":[{"start":{"line":143,"column":2},"end":{"line":143,"column":2}},{"start":{"line":143,"column":2},"end":{"line":143,"column":2}}]},"4":{"line":147,"type":"if","locations":[{"start":{"line":147,"column":2},"end":{"line":147,"column":2}},{"start":{"line":147,"column":2},"end":{"line":147,"column":2}}]}},"code":["//#! /usr/bin/env node","/*"," * nightwatch-html-reporter"," * https://github.com/jls/nightwatch-html-reporter"," *"," * Copyright (c) 2014 James Smith"," * Licensed under the MIT license."," */","","var fs = require('fs'),","    async = require('async'),","    nconf = require('nconf'),","    renderer = require('./renderer'),","    readdirp = require('readdirp'),","    open = require('open'),","    path = require('path'),","    xml2js = require('xml2js'),","    parseString = xml2js.parseString,","    normalize = require('./normalize'),","    getOutputFilename = require('./outputFilename');","","nconf.argv({","  d: {","    alias: 'report-dir',","    describe: 'Directory where nightwatch reports are stored.',","    demand: true","  },","  t: {","    alias: 'theme',","    describe: 'Name of theme to use.  Should match a directory in lib/themes.',","    default: 'default'","  },","  o: {","    alias: 'output',","    describe: 'Filename to use when saving the generated report.',","    default: 'generatedReport.html'","  },","  u: {","    alias: 'unique-filename',","    describe: 'Appends a timestamp to the end of the generated report filename.',","    default: false","  },","  p: {","    alias: 'prepend-filename',","    describe: 'Prepend filename to the package name in the report.  Helps distinguish between multiple runs/diff browser/same test',","    default: false","  },","  r: {","    alias: 'relative-screenshots',","    describe: 'Convert screenshot paths from absolute to relative to output file.',","    default: false","  },","  b: {","    alias: 'browser',","    describe: 'If true generated report will be opened in the browser.',","    default: true","  },","  c: {","    alias: 'compact',","    describe: 'Hides success cases and only shows error cases.'","  },","  l: {","    alias: 'log-level',","    describe: 'Sets what is logged to the console. 0 - all, 1 - info, 2 - warn, 3 - error',","    default: 1","  },","  'save-nightwatch-report': {","    describe: 'Debug: A filename we use to save the report object passed to us by nightwatch.'","  },","  'save-xml-report': {","    describe: 'Debug: A filename we use to save the parsed XML object from XML reports.'","  }","}).env();","","var opts = {","  reportsDirectory: nconf.get('report-dir'),","  themeName: nconf.get('theme'),","  reportFilename: nconf.get('output'),","  openBrowser: nconf.get('browser') === true,","  prependFilename: nconf.get('prepend-filename') === true,","  uniqueFilename: nconf.get('unique-filename') === true,","  hideSuccess: typeof (nconf.get('compact')) !== 'undefined',","  logLevel: nconf.get('log-level'),","  relativeScreenshots: nconf.get('relative-screenshots'),","  debug: {","    saveNightwatch: nconf.get('save-nightwatch-report'),","    saveXML: nconf.get('save-xml-report')","  },","  fromXML: true // Always going to be true for cli.","};","","var logger = require('./logger.js');","logger.setLevel(opts.logLevel);","logger.info('Reading reports directory...');","","var readOpts = {","  root: path.resolve(opts.reportsDirectory),","  fileFilter: '*.xml',","  entryType: 'files'","};","","opts.fullOutputFilename = getOutputFilename(opts);","","async.waterfall([","","  readdirp.bind(readdirp, readOpts),","","  function readFiles(results, next) {","    async.map(results.files, function(result, rnext) {","      fs.readFile(result.fullPath, function(err, filedata) {","        rnext(err, { name: result.name, data: filedata });","      });","    }, next);","  },","","  function parseFiles(data, next) {","    async.map(data, function(result, pnext) {","      parseString(result.data, function(err, parsed) {","        if (opts.prependFilename)","          parsed.testsuites.filename = result.name;","        pnext(err, parsed);","      });","    }, next);","  },","","  function saveParsedXML(parsedData, next) {","    if (opts.debug.saveXML) {","      var fs = require('fs');","      fs.writeFile(opts.debug.saveXML, JSON.stringify(parsedData, null, '\\t'), function(err) {","        next(err, parsedData);","      });","    } else {","      next(null, parsedData);","    }","  },","","  normalize.bind(this, opts),","","  renderer.bind(this, opts)","","], function(err, reportFilename, html, run) {","","  if (err)","    return logger.error('Error generating report: ' + err.toString());","","  logger.info('Generated Report at: ' + reportFilename);","  if (opts.openBrowser)","    open(reportFilename);","","});",""],"l":{"10":2,"22":2,"75":2,"92":2,"93":2,"94":2,"96":2,"102":0,"104":0,"109":0,"110":0,"111":0,"117":0,"118":0,"119":0,"120":0,"121":0,"127":0,"128":0,"129":0,"130":0,"133":0,"143":0,"144":0,"146":0,"147":0,"148":0}},"/home/travis/build/npmtest/node-npmtest-nightwatch-html-reporter/node_modules/nightwatch-html-reporter/lib/themes/default/script.js":{"path":"/home/travis/build/npmtest/node-npmtest-nightwatch-html-reporter/node_modules/nightwatch-html-reporter/lib/themes/default/script.js","s":{"1":2,"2":0,"3":0,"4":0,"5":0,"6":0,"7":0,"8":0,"9":0,"10":0,"11":0},"b":{},"f":{"1":0,"2":0,"3":0,"4":0,"5":0},"fnMap":{"1":{"name":"(anonymous_1)","line":1,"loc":{"start":{"line":1,"column":18},"end":{"line":1,"column":29}}},"2":{"name":"(anonymous_2)","line":2,"loc":{"start":{"line":2,"column":28},"end":{"line":2,"column":39}}},"3":{"name":"(anonymous_3)","line":8,"loc":{"start":{"line":8,"column":34},"end":{"line":8,"column":45}}},"4":{"name":"(anonymous_4)","line":12,"loc":{"start":{"line":12,"column":28},"end":{"line":12,"column":39}}},"5":{"name":"(anonymous_5)","line":15,"loc":{"start":{"line":15,"column":26},"end":{"line":15,"column":37}}}},"statementMap":{"1":{"start":{"line":1,"column":0},"end":{"line":18,"column":3}},"2":{"start":{"line":2,"column":2},"end":{"line":4,"column":5}},"3":{"start":{"line":3,"column":4},"end":{"line":3,"column":46}},"4":{"start":{"line":6,"column":2},"end":{"line":6,"column":48}},"5":{"start":{"line":8,"column":2},"end":{"line":11,"column":5}},"6":{"start":{"line":9,"column":4},"end":{"line":9,"column":24}},"7":{"start":{"line":10,"column":4},"end":{"line":10,"column":56}},"8":{"start":{"line":12,"column":2},"end":{"line":14,"column":5}},"9":{"start":{"line":13,"column":4},"end":{"line":13,"column":40}},"10":{"start":{"line":15,"column":2},"end":{"line":17,"column":5}},"11":{"start":{"line":16,"column":4},"end":{"line":16,"column":38}}},"branchMap":{},"code":["$(document).ready(function() {","  $('.package>.name').click(function() {","    $(this).siblings('.suites').slideToggle();","  });","","  $('.suites, .errmessages, .testcases').hide();","","  $('.suite, .errmessages').click(function() {","    var $elem = $(this);","    $elem.children('.testcases, .errors').slideToggle();","  });","  $('.toggleSuccess').click(function() {","    $('.package.success').slideToggle();","  });","  $('.toggleError').click(function() {","    $('.package.error').slideToggle();","  });","});",""],"l":{"1":2,"2":0,"3":0,"6":0,"8":0,"9":0,"10":0,"12":0,"13":0,"15":0,"16":0}}}